{"/home/litha/Documents/Hacktiv8/Phase 3/guru-private-server/app.js": {"path":"/home/litha/Documents/Hacktiv8/Phase 3/guru-private-server/app.js","statementMap":{"0":{"start":{"line":1,"column":0},"end":{"line":3,"column":1}},"1":{"start":{"line":2,"column":2},"end":{"line":2,"column":28}},"2":{"start":{"line":5,"column":16},"end":{"line":5,"column":34}},"3":{"start":{"line":6,"column":12},"end":{"line":6,"column":21}},"4":{"start":{"line":7,"column":15},"end":{"line":7,"column":34}},"5":{"start":{"line":8,"column":21},"end":{"line":8,"column":57}},"6":{"start":{"line":9,"column":13},"end":{"line":9,"column":28}},"7":{"start":{"line":11,"column":0},"end":{"line":11,"column":15}},"8":{"start":{"line":12,"column":0},"end":{"line":12,"column":48}},"9":{"start":{"line":13,"column":0},"end":{"line":13,"column":23}},"10":{"start":{"line":14,"column":0},"end":{"line":14,"column":15}},"11":{"start":{"line":15,"column":0},"end":{"line":15,"column":28}},"12":{"start":{"line":17,"column":0},"end":{"line":17,"column":20}}},"fnMap":{},"branchMap":{"0":{"loc":{"start":{"line":1,"column":0},"end":{"line":3,"column":1}},"type":"if","locations":[{"start":{"line":1,"column":0},"end":{"line":3,"column":1}},{"start":{"line":1,"column":0},"end":{"line":3,"column":1}}],"line":1}},"s":{"0":14,"1":14,"2":14,"3":14,"4":14,"5":14,"6":14,"7":14,"8":14,"9":14,"10":14,"11":14,"12":14},"f":{},"b":{"0":[14,0]},"_coverageSchema":"1a1c01bbd47fc00a2c39e90264f33305004495a9","hash":"0be5a54f4def31d2695b428618525ad5765d986a"}
,"/home/litha/Documents/Hacktiv8/Phase 3/guru-private-server/controllers/orderController.js": {"path":"/home/litha/Documents/Hacktiv8/Phase 3/guru-private-server/controllers/orderController.js","statementMap":{"0":{"start":{"line":1,"column":34},"end":{"line":1,"column":54}},"1":{"start":{"line":2,"column":23},"end":{"line":2,"column":49}},"2":{"start":{"line":3,"column":14},"end":{"line":3,"column":30}},"3":{"start":{"line":7,"column":4},"end":{"line":38,"column":5}},"4":{"start":{"line":8,"column":26},"end":{"line":8,"column":63}},"5":{"start":{"line":9,"column":6},"end":{"line":29,"column":7}},"6":{"start":{"line":10,"column":26},"end":{"line":10,"column":85}},"7":{"start":{"line":11,"column":28},"end":{"line":11,"column":82}},"8":{"start":{"line":11,"column":54},"end":{"line":11,"column":81}},"9":{"start":{"line":12,"column":8},"end":{"line":25,"column":9}},"10":{"start":{"line":13,"column":10},"end":{"line":13,"column":93}},"11":{"start":{"line":15,"column":26},"end":{"line":22,"column":11}},"12":{"start":{"line":23,"column":23},"end":{"line":23,"column":50}},"13":{"start":{"line":24,"column":10},"end":{"line":24,"column":36}},"14":{"start":{"line":26,"column":13},"end":{"line":29,"column":7}},"15":{"start":{"line":31,"column":6},"end":{"line":37,"column":21}},"16":{"start":{"line":32,"column":8},"end":{"line":36,"column":10}},"17":{"start":{"line":37,"column":12},"end":{"line":37,"column":21}},"18":{"start":{"line":41,"column":4},"end":{"line":46,"column":5}},"19":{"start":{"line":42,"column":19},"end":{"line":42,"column":71}},"20":{"start":{"line":43,"column":6},"end":{"line":43,"column":32}},"21":{"start":{"line":45,"column":6},"end":{"line":45,"column":16}},"22":{"start":{"line":50,"column":4},"end":{"line":59,"column":5}},"23":{"start":{"line":51,"column":19},"end":{"line":51,"column":85}},"24":{"start":{"line":52,"column":6},"end":{"line":56,"column":7}},"25":{"start":{"line":52,"column":16},"end":{"line":52,"column":42}},"26":{"start":{"line":53,"column":11},"end":{"line":56,"column":7}},"27":{"start":{"line":58,"column":6},"end":{"line":58,"column":15}},"28":{"start":{"line":63,"column":4},"end":{"line":110,"column":5}},"29":{"start":{"line":64,"column":24},"end":{"line":64,"column":90}},"30":{"start":{"line":65,"column":6},"end":{"line":107,"column":7}},"31":{"start":{"line":66,"column":28},"end":{"line":69,"column":9}},"32":{"start":{"line":70,"column":25},"end":{"line":70,"column":55}},"33":{"start":{"line":71,"column":24},"end":{"line":88,"column":9}},"34":{"start":{"line":100,"column":19},"end":{"line":104,"column":10}},"35":{"start":{"line":105,"column":26},"end":{"line":105,"column":70}},"36":{"start":{"line":106,"column":8},"end":{"line":106,"column":117}},"37":{"start":{"line":106,"column":41},"end":{"line":106,"column":117}},"38":{"start":{"line":109,"column":6},"end":{"line":109,"column":16}},"39":{"start":{"line":113,"column":4},"end":{"line":118,"column":5}},"40":{"start":{"line":114,"column":19},"end":{"line":114,"column":70}},"41":{"start":{"line":115,"column":6},"end":{"line":115,"column":78}},"42":{"start":{"line":117,"column":6},"end":{"line":117,"column":16}},"43":{"start":{"line":122,"column":0},"end":{"line":122,"column":32}}},"fnMap":{"0":{"name":"(anonymous_0)","decl":{"start":{"line":6,"column":2},"end":{"line":6,"column":3}},"loc":{"start":{"line":6,"column":44},"end":{"line":39,"column":3}},"line":6},"1":{"name":"(anonymous_1)","decl":{"start":{"line":11,"column":45},"end":{"line":11,"column":46}},"loc":{"start":{"line":11,"column":54},"end":{"line":11,"column":81}},"line":11},"2":{"name":"(anonymous_2)","decl":{"start":{"line":40,"column":2},"end":{"line":40,"column":3}},"loc":{"start":{"line":40,"column":45},"end":{"line":47,"column":3}},"line":40},"3":{"name":"(anonymous_3)","decl":{"start":{"line":49,"column":2},"end":{"line":49,"column":3}},"loc":{"start":{"line":49,"column":42},"end":{"line":60,"column":3}},"line":49},"4":{"name":"(anonymous_4)","decl":{"start":{"line":62,"column":2},"end":{"line":62,"column":3}},"loc":{"start":{"line":62,"column":46},"end":{"line":111,"column":3}},"line":62},"5":{"name":"(anonymous_5)","decl":{"start":{"line":112,"column":2},"end":{"line":112,"column":3}},"loc":{"start":{"line":112,"column":44},"end":{"line":119,"column":3}},"line":112}},"branchMap":{"0":{"loc":{"start":{"line":9,"column":6},"end":{"line":29,"column":7}},"type":"if","locations":[{"start":{"line":9,"column":6},"end":{"line":29,"column":7}},{"start":{"line":9,"column":6},"end":{"line":29,"column":7}}],"line":9},"1":{"loc":{"start":{"line":12,"column":8},"end":{"line":25,"column":9}},"type":"if","locations":[{"start":{"line":12,"column":8},"end":{"line":25,"column":9}},{"start":{"line":12,"column":8},"end":{"line":25,"column":9}}],"line":12},"2":{"loc":{"start":{"line":12,"column":12},"end":{"line":12,"column":43}},"type":"binary-expr","locations":[{"start":{"line":12,"column":12},"end":{"line":12,"column":21}},{"start":{"line":12,"column":25},"end":{"line":12,"column":43}}],"line":12},"3":{"loc":{"start":{"line":31,"column":6},"end":{"line":37,"column":21}},"type":"if","locations":[{"start":{"line":31,"column":6},"end":{"line":37,"column":21}},{"start":{"line":31,"column":6},"end":{"line":37,"column":21}}],"line":31},"4":{"loc":{"start":{"line":52,"column":6},"end":{"line":56,"column":7}},"type":"if","locations":[{"start":{"line":52,"column":6},"end":{"line":56,"column":7}},{"start":{"line":52,"column":6},"end":{"line":56,"column":7}}],"line":52},"5":{"loc":{"start":{"line":65,"column":6},"end":{"line":107,"column":7}},"type":"if","locations":[{"start":{"line":65,"column":6},"end":{"line":107,"column":7}},{"start":{"line":65,"column":6},"end":{"line":107,"column":7}}],"line":65},"6":{"loc":{"start":{"line":106,"column":8},"end":{"line":106,"column":117}},"type":"if","locations":[{"start":{"line":106,"column":8},"end":{"line":106,"column":117}},{"start":{"line":106,"column":8},"end":{"line":106,"column":117}}],"line":106},"7":{"loc":{"start":{"line":106,"column":12},"end":{"line":106,"column":39}},"type":"binary-expr","locations":[{"start":{"line":106,"column":12},"end":{"line":106,"column":20}},{"start":{"line":106,"column":24},"end":{"line":106,"column":39}}],"line":106}},"s":{"0":14,"1":14,"2":14,"3":3,"4":3,"5":3,"6":2,"7":2,"8":1,"9":2,"10":0,"11":2,"12":2,"13":1,"14":1,"15":2,"16":1,"17":1,"18":1,"19":1,"20":1,"21":0,"22":2,"23":2,"24":2,"25":1,"26":1,"27":1,"28":1,"29":1,"30":1,"31":1,"32":1,"33":1,"34":1,"35":1,"36":0,"37":0,"38":1,"39":1,"40":1,"41":1,"42":0,"43":14},"f":{"0":3,"1":1,"2":1,"3":2,"4":1,"5":1},"b":{"0":[2,1],"1":[0,2],"2":[2,2],"3":[1,1],"4":[1,1],"5":[1,0],"6":[0,0],"7":[0,0]},"_coverageSchema":"1a1c01bbd47fc00a2c39e90264f33305004495a9","hash":"be2f4259ca30efec4e6d4781e72ea8adcf30e3f3"}
,"/home/litha/Documents/Hacktiv8/Phase 3/guru-private-server/controllers/studentController.js": {"path":"/home/litha/Documents/Hacktiv8/Phase 3/guru-private-server/controllers/studentController.js","statementMap":{"0":{"start":{"line":1,"column":24},"end":{"line":1,"column":55}},"1":{"start":{"line":2,"column":42},"end":{"line":2,"column":78}},"2":{"start":{"line":3,"column":19},"end":{"line":3,"column":39}},"3":{"start":{"line":4,"column":15},"end":{"line":4,"column":34}},"4":{"start":{"line":8,"column":78},"end":{"line":8,"column":86}},"5":{"start":{"line":9,"column":4},"end":{"line":27,"column":8}},"6":{"start":{"line":11,"column":8},"end":{"line":11,"column":66}},"7":{"start":{"line":14,"column":8},"end":{"line":26,"column":9}},"8":{"start":{"line":15,"column":10},"end":{"line":24,"column":11}},"9":{"start":{"line":16,"column":28},"end":{"line":16,"column":30}},"10":{"start":{"line":17,"column":12},"end":{"line":19,"column":13}},"11":{"start":{"line":17,"column":25},"end":{"line":17,"column":26}},"12":{"start":{"line":18,"column":16},"end":{"line":18,"column":54}},"13":{"start":{"line":20,"column":12},"end":{"line":20,"column":57}},"14":{"start":{"line":22,"column":15},"end":{"line":24,"column":11}},"15":{"start":{"line":23,"column":12},"end":{"line":23,"column":55}},"16":{"start":{"line":25,"column":10},"end":{"line":25,"column":19}},"17":{"start":{"line":31,"column":18},"end":{"line":31,"column":32}},"18":{"start":{"line":32,"column":21},"end":{"line":32,"column":38}},"19":{"start":{"line":33,"column":4},"end":{"line":33,"column":77}},"20":{"start":{"line":33,"column":19},"end":{"line":33,"column":77}},"21":{"start":{"line":34,"column":4},"end":{"line":34,"column":72}},"22":{"start":{"line":34,"column":16},"end":{"line":34,"column":72}},"23":{"start":{"line":35,"column":4},"end":{"line":50,"column":8}},"24":{"start":{"line":37,"column":8},"end":{"line":46,"column":9}},"25":{"start":{"line":38,"column":10},"end":{"line":38,"column":60}},"26":{"start":{"line":40,"column":13},"end":{"line":46,"column":9}},"27":{"start":{"line":41,"column":31},"end":{"line":41,"column":77}},"28":{"start":{"line":42,"column":10},"end":{"line":42,"column":113}},"29":{"start":{"line":44,"column":13},"end":{"line":46,"column":9}},"30":{"start":{"line":45,"column":10},"end":{"line":45,"column":65}},"31":{"start":{"line":49,"column":8},"end":{"line":49,"column":17}},"32":{"start":{"line":54,"column":4},"end":{"line":60,"column":6}},"33":{"start":{"line":56,"column":6},"end":{"line":56,"column":43}},"34":{"start":{"line":59,"column":6},"end":{"line":59,"column":17}},"35":{"start":{"line":64,"column":15},"end":{"line":64,"column":29}},"36":{"start":{"line":65,"column":4},"end":{"line":71,"column":8}},"37":{"start":{"line":67,"column":8},"end":{"line":67,"column":116}},"38":{"start":{"line":70,"column":8},"end":{"line":70,"column":19}},"39":{"start":{"line":75,"column":21},"end":{"line":75,"column":56}},"40":{"start":{"line":76,"column":24},"end":{"line":84,"column":5}},"41":{"start":{"line":85,"column":4},"end":{"line":103,"column":6}},"42":{"start":{"line":87,"column":10},"end":{"line":87,"column":65}},"43":{"start":{"line":90,"column":8},"end":{"line":102,"column":9}},"44":{"start":{"line":91,"column":10},"end":{"line":100,"column":11}},"45":{"start":{"line":92,"column":28},"end":{"line":92,"column":30}},"46":{"start":{"line":93,"column":12},"end":{"line":95,"column":13}},"47":{"start":{"line":93,"column":25},"end":{"line":93,"column":26}},"48":{"start":{"line":94,"column":16},"end":{"line":94,"column":54}},"49":{"start":{"line":96,"column":12},"end":{"line":96,"column":57}},"50":{"start":{"line":98,"column":15},"end":{"line":100,"column":11}},"51":{"start":{"line":99,"column":12},"end":{"line":99,"column":55}},"52":{"start":{"line":101,"column":10},"end":{"line":101,"column":19}},"53":{"start":{"line":107,"column":0},"end":{"line":107,"column":34}}},"fnMap":{"0":{"name":"(anonymous_0)","decl":{"start":{"line":7,"column":2},"end":{"line":7,"column":3}},"loc":{"start":{"line":7,"column":38},"end":{"line":28,"column":3}},"line":7},"1":{"name":"(anonymous_1)","decl":{"start":{"line":10,"column":13},"end":{"line":10,"column":14}},"loc":{"start":{"line":10,"column":19},"end":{"line":12,"column":7}},"line":10},"2":{"name":"(anonymous_2)","decl":{"start":{"line":13,"column":14},"end":{"line":13,"column":15}},"loc":{"start":{"line":13,"column":19},"end":{"line":27,"column":7}},"line":13},"3":{"name":"(anonymous_3)","decl":{"start":{"line":30,"column":2},"end":{"line":30,"column":3}},"loc":{"start":{"line":30,"column":28},"end":{"line":51,"column":3}},"line":30},"4":{"name":"(anonymous_4)","decl":{"start":{"line":36,"column":12},"end":{"line":36,"column":13}},"loc":{"start":{"line":36,"column":18},"end":{"line":47,"column":7}},"line":36},"5":{"name":"(anonymous_5)","decl":{"start":{"line":48,"column":14},"end":{"line":48,"column":15}},"loc":{"start":{"line":48,"column":19},"end":{"line":50,"column":7}},"line":48},"6":{"name":"(anonymous_6)","decl":{"start":{"line":53,"column":2},"end":{"line":53,"column":3}},"loc":{"start":{"line":53,"column":31},"end":{"line":61,"column":3}},"line":53},"7":{"name":"(anonymous_7)","decl":{"start":{"line":55,"column":10},"end":{"line":55,"column":11}},"loc":{"start":{"line":55,"column":18},"end":{"line":57,"column":5}},"line":55},"8":{"name":"(anonymous_8)","decl":{"start":{"line":58,"column":11},"end":{"line":58,"column":12}},"loc":{"start":{"line":58,"column":20},"end":{"line":60,"column":5}},"line":58},"9":{"name":"(anonymous_9)","decl":{"start":{"line":63,"column":2},"end":{"line":63,"column":3}},"loc":{"start":{"line":63,"column":38},"end":{"line":72,"column":3}},"line":63},"10":{"name":"(anonymous_10)","decl":{"start":{"line":66,"column":12},"end":{"line":66,"column":13}},"loc":{"start":{"line":66,"column":20},"end":{"line":68,"column":7}},"line":66},"11":{"name":"(anonymous_11)","decl":{"start":{"line":69,"column":13},"end":{"line":69,"column":14}},"loc":{"start":{"line":69,"column":22},"end":{"line":71,"column":7}},"line":69},"12":{"name":"(anonymous_12)","decl":{"start":{"line":74,"column":2},"end":{"line":74,"column":3}},"loc":{"start":{"line":74,"column":29},"end":{"line":104,"column":3}},"line":74},"13":{"name":"(anonymous_13)","decl":{"start":{"line":86,"column":12},"end":{"line":86,"column":13}},"loc":{"start":{"line":86,"column":18},"end":{"line":88,"column":7}},"line":86},"14":{"name":"(anonymous_14)","decl":{"start":{"line":89,"column":14},"end":{"line":89,"column":15}},"loc":{"start":{"line":89,"column":19},"end":{"line":103,"column":5}},"line":89}},"branchMap":{"0":{"loc":{"start":{"line":14,"column":8},"end":{"line":26,"column":9}},"type":"if","locations":[{"start":{"line":14,"column":8},"end":{"line":26,"column":9}},{"start":{"line":14,"column":8},"end":{"line":26,"column":9}}],"line":14},"1":{"loc":{"start":{"line":15,"column":10},"end":{"line":24,"column":11}},"type":"if","locations":[{"start":{"line":15,"column":10},"end":{"line":24,"column":11}},{"start":{"line":15,"column":10},"end":{"line":24,"column":11}}],"line":15},"2":{"loc":{"start":{"line":22,"column":15},"end":{"line":24,"column":11}},"type":"if","locations":[{"start":{"line":22,"column":15},"end":{"line":24,"column":11}},{"start":{"line":22,"column":15},"end":{"line":24,"column":11}}],"line":22},"3":{"loc":{"start":{"line":33,"column":4},"end":{"line":33,"column":77}},"type":"if","locations":[{"start":{"line":33,"column":4},"end":{"line":33,"column":77}},{"start":{"line":33,"column":4},"end":{"line":33,"column":77}}],"line":33},"4":{"loc":{"start":{"line":34,"column":4},"end":{"line":34,"column":72}},"type":"if","locations":[{"start":{"line":34,"column":4},"end":{"line":34,"column":72}},{"start":{"line":34,"column":4},"end":{"line":34,"column":72}}],"line":34},"5":{"loc":{"start":{"line":37,"column":8},"end":{"line":46,"column":9}},"type":"if","locations":[{"start":{"line":37,"column":8},"end":{"line":46,"column":9}},{"start":{"line":37,"column":8},"end":{"line":46,"column":9}}],"line":37},"6":{"loc":{"start":{"line":40,"column":13},"end":{"line":46,"column":9}},"type":"if","locations":[{"start":{"line":40,"column":13},"end":{"line":46,"column":9}},{"start":{"line":40,"column":13},"end":{"line":46,"column":9}}],"line":40},"7":{"loc":{"start":{"line":44,"column":13},"end":{"line":46,"column":9}},"type":"if","locations":[{"start":{"line":44,"column":13},"end":{"line":46,"column":9}},{"start":{"line":44,"column":13},"end":{"line":46,"column":9}}],"line":44},"8":{"loc":{"start":{"line":90,"column":8},"end":{"line":102,"column":9}},"type":"if","locations":[{"start":{"line":90,"column":8},"end":{"line":102,"column":9}},{"start":{"line":90,"column":8},"end":{"line":102,"column":9}}],"line":90},"9":{"loc":{"start":{"line":91,"column":10},"end":{"line":100,"column":11}},"type":"if","locations":[{"start":{"line":91,"column":10},"end":{"line":100,"column":11}},{"start":{"line":91,"column":10},"end":{"line":100,"column":11}}],"line":91},"10":{"loc":{"start":{"line":98,"column":15},"end":{"line":100,"column":11}},"type":"if","locations":[{"start":{"line":98,"column":15},"end":{"line":100,"column":11}},{"start":{"line":98,"column":15},"end":{"line":100,"column":11}}],"line":98}},"s":{"0":14,"1":14,"2":14,"3":14,"4":9,"5":9,"6":1,"7":8,"8":8,"9":7,"10":7,"11":7,"12":8,"13":7,"14":1,"15":1,"16":8,"17":5,"18":5,"19":5,"20":1,"21":5,"22":1,"23":5,"24":5,"25":2,"26":3,"27":1,"28":1,"29":2,"30":2,"31":0,"32":1,"33":1,"34":0,"35":1,"36":1,"37":1,"38":0,"39":7,"40":7,"41":7,"42":1,"43":6,"44":6,"45":6,"46":6,"47":6,"48":7,"49":6,"50":0,"51":0,"52":6,"53":14},"f":{"0":9,"1":1,"2":8,"3":5,"4":5,"5":0,"6":1,"7":1,"8":0,"9":1,"10":1,"11":0,"12":7,"13":1,"14":6},"b":{"0":[8,0],"1":[7,1],"2":[1,0],"3":[1,4],"4":[1,4],"5":[2,3],"6":[1,2],"7":[2,0],"8":[6,0],"9":[6,0],"10":[0,0]},"_coverageSchema":"1a1c01bbd47fc00a2c39e90264f33305004495a9","hash":"50c8bd934b6cab9707ff79e0f1f35e153f830174"}
,"/home/litha/Documents/Hacktiv8/Phase 3/guru-private-server/controllers/teacherController.js": {"path":"/home/litha/Documents/Hacktiv8/Phase 3/guru-private-server/controllers/teacherController.js","statementMap":{"0":{"start":{"line":1,"column":20},"end":{"line":1,"column":46}},"1":{"start":{"line":2,"column":43},"end":{"line":2,"column":79}},"2":{"start":{"line":3,"column":39},"end":{"line":3,"column":70}},"3":{"start":{"line":7,"column":8},"end":{"line":30,"column":9}},"4":{"start":{"line":8,"column":126},"end":{"line":8,"column":134}},"5":{"start":{"line":9,"column":31},"end":{"line":11,"column":14}},"6":{"start":{"line":12,"column":12},"end":{"line":26,"column":14}},"7":{"start":{"line":29,"column":12},"end":{"line":29,"column":21}},"8":{"start":{"line":34,"column":8},"end":{"line":61,"column":9}},"9":{"start":{"line":35,"column":40},"end":{"line":35,"column":48}},"10":{"start":{"line":36,"column":25},"end":{"line":40,"column":14}},"11":{"start":{"line":41,"column":12},"end":{"line":57,"column":13}},"12":{"start":{"line":42,"column":16},"end":{"line":44,"column":17}},"13":{"start":{"line":47,"column":16},"end":{"line":56,"column":17}},"14":{"start":{"line":48,"column":20},"end":{"line":48,"column":54}},"15":{"start":{"line":51,"column":41},"end":{"line":54,"column":22}},"16":{"start":{"line":55,"column":20},"end":{"line":55,"column":124}},"17":{"start":{"line":60,"column":12},"end":{"line":60,"column":21}},"18":{"start":{"line":65,"column":8},"end":{"line":71,"column":9}},"19":{"start":{"line":66,"column":29},"end":{"line":66,"column":52}},"20":{"start":{"line":67,"column":12},"end":{"line":67,"column":42}},"21":{"start":{"line":70,"column":12},"end":{"line":70,"column":21}},"22":{"start":{"line":75,"column":8},"end":{"line":88,"column":9}},"23":{"start":{"line":76,"column":126},"end":{"line":76,"column":134}},"24":{"start":{"line":77,"column":35},"end":{"line":84,"column":14}},"25":{"start":{"line":85,"column":12},"end":{"line":85,"column":51}},"26":{"start":{"line":87,"column":12},"end":{"line":87,"column":21}},"27":{"start":{"line":92,"column":8},"end":{"line":103,"column":9}},"28":{"start":{"line":93,"column":23},"end":{"line":93,"column":37}},"29":{"start":{"line":94,"column":28},"end":{"line":98,"column":14}},"30":{"start":{"line":99,"column":12},"end":{"line":100,"column":66}},"31":{"start":{"line":99,"column":25},"end":{"line":99,"column":54}},"32":{"start":{"line":100,"column":17},"end":{"line":100,"column":66}},"33":{"start":{"line":102,"column":12},"end":{"line":102,"column":23}},"34":{"start":{"line":107,"column":8},"end":{"line":117,"column":9}},"35":{"start":{"line":108,"column":23},"end":{"line":108,"column":42}},"36":{"start":{"line":109,"column":27},"end":{"line":109,"column":42}},"37":{"start":{"line":110,"column":32},"end":{"line":110,"column":58}},"38":{"start":{"line":111,"column":12},"end":{"line":114,"column":13}},"39":{"start":{"line":112,"column":31},"end":{"line":112,"column":111}},"40":{"start":{"line":113,"column":16},"end":{"line":113,"column":50}},"41":{"start":{"line":116,"column":12},"end":{"line":116,"column":21}},"42":{"start":{"line":121,"column":0},"end":{"line":121,"column":34}}},"fnMap":{"0":{"name":"(anonymous_0)","decl":{"start":{"line":6,"column":4},"end":{"line":6,"column":5}},"loc":{"start":{"line":6,"column":43},"end":{"line":31,"column":5}},"line":6},"1":{"name":"(anonymous_1)","decl":{"start":{"line":33,"column":4},"end":{"line":33,"column":5}},"loc":{"start":{"line":33,"column":40},"end":{"line":62,"column":5}},"line":33},"2":{"name":"(anonymous_2)","decl":{"start":{"line":64,"column":4},"end":{"line":64,"column":5}},"loc":{"start":{"line":64,"column":42},"end":{"line":72,"column":5}},"line":64},"3":{"name":"(anonymous_3)","decl":{"start":{"line":74,"column":4},"end":{"line":74,"column":5}},"loc":{"start":{"line":74,"column":46},"end":{"line":89,"column":5}},"line":74},"4":{"name":"(anonymous_4)","decl":{"start":{"line":91,"column":4},"end":{"line":91,"column":5}},"loc":{"start":{"line":91,"column":48},"end":{"line":104,"column":5}},"line":91},"5":{"name":"(anonymous_5)","decl":{"start":{"line":106,"column":4},"end":{"line":106,"column":5}},"loc":{"start":{"line":106,"column":47},"end":{"line":118,"column":5}},"line":106}},"branchMap":{"0":{"loc":{"start":{"line":41,"column":12},"end":{"line":57,"column":13}},"type":"if","locations":[{"start":{"line":41,"column":12},"end":{"line":57,"column":13}},{"start":{"line":41,"column":12},"end":{"line":57,"column":13}}],"line":41},"1":{"loc":{"start":{"line":47,"column":16},"end":{"line":56,"column":17}},"type":"if","locations":[{"start":{"line":47,"column":16},"end":{"line":56,"column":17}},{"start":{"line":47,"column":16},"end":{"line":56,"column":17}}],"line":47},"2":{"loc":{"start":{"line":99,"column":12},"end":{"line":100,"column":66}},"type":"if","locations":[{"start":{"line":99,"column":12},"end":{"line":100,"column":66}},{"start":{"line":99,"column":12},"end":{"line":100,"column":66}}],"line":99},"3":{"loc":{"start":{"line":111,"column":12},"end":{"line":114,"column":13}},"type":"if","locations":[{"start":{"line":111,"column":12},"end":{"line":114,"column":13}},{"start":{"line":111,"column":12},"end":{"line":114,"column":13}}],"line":111}},"s":{"0":14,"1":14,"2":14,"3":14,"4":14,"5":14,"6":1,"7":13,"8":5,"9":5,"10":5,"11":5,"12":2,"13":3,"14":2,"15":1,"16":1,"17":4,"18":1,"19":1,"20":1,"21":0,"22":12,"23":12,"24":12,"25":1,"26":11,"27":1,"28":1,"29":1,"30":1,"31":1,"32":0,"33":0,"34":1,"35":1,"36":1,"37":1,"38":1,"39":1,"40":1,"41":0,"42":14},"f":{"0":14,"1":5,"2":1,"3":12,"4":1,"5":1},"b":{"0":[2,3],"1":[2,1],"2":[1,0],"3":[1,0]},"_coverageSchema":"1a1c01bbd47fc00a2c39e90264f33305004495a9","hash":"3ff9c31e27c08c9bfe99ca848cd6b4328ae1bbdd"}
,"/home/litha/Documents/Hacktiv8/Phase 3/guru-private-server/helpers/jwtHelper.js": {"path":"/home/litha/Documents/Hacktiv8/Phase 3/guru-private-server/helpers/jwtHelper.js","statementMap":{"0":{"start":{"line":1,"column":12},"end":{"line":1,"column":35}},"1":{"start":{"line":4,"column":4},"end":{"line":4,"column":36}},"2":{"start":{"line":8,"column":4},"end":{"line":8,"column":37}},"3":{"start":{"line":11,"column":0},"end":{"line":11,"column":44}}},"fnMap":{"0":{"name":"generateToken","decl":{"start":{"line":3,"column":9},"end":{"line":3,"column":22}},"loc":{"start":{"line":3,"column":31},"end":{"line":5,"column":1}},"line":3},"1":{"name":"verifyToken","decl":{"start":{"line":7,"column":9},"end":{"line":7,"column":20}},"loc":{"start":{"line":7,"column":27},"end":{"line":9,"column":1}},"line":7}},"branchMap":{},"s":{"0":14,"1":13,"2":27,"3":14},"f":{"0":13,"1":27},"b":{},"_coverageSchema":"1a1c01bbd47fc00a2c39e90264f33305004495a9","hash":"ace231c7f66260dd0ec0252697c457af8bfbe94a"}
,"/home/litha/Documents/Hacktiv8/Phase 3/guru-private-server/helpers/passwordHelper.js": {"path":"/home/litha/Documents/Hacktiv8/Phase 3/guru-private-server/helpers/passwordHelper.js","statementMap":{"0":{"start":{"line":1,"column":15},"end":{"line":1,"column":34}},"1":{"start":{"line":4,"column":15},"end":{"line":4,"column":37}},"2":{"start":{"line":5,"column":15},"end":{"line":5,"column":42}},"3":{"start":{"line":6,"column":2},"end":{"line":6,"column":13}},"4":{"start":{"line":10,"column":2},"end":{"line":10,"column":43}},"5":{"start":{"line":13,"column":0},"end":{"line":13,"column":51}}},"fnMap":{"0":{"name":"generatePassword","decl":{"start":{"line":3,"column":9},"end":{"line":3,"column":25}},"loc":{"start":{"line":3,"column":33},"end":{"line":7,"column":1}},"line":3},"1":{"name":"verifyPassword","decl":{"start":{"line":9,"column":9},"end":{"line":9,"column":23}},"loc":{"start":{"line":9,"column":41},"end":{"line":11,"column":1}},"line":9}},"branchMap":{},"s":{"0":14,"1":72,"2":72,"3":72,"4":8,"5":14},"f":{"0":72,"1":8},"b":{},"_coverageSchema":"1a1c01bbd47fc00a2c39e90264f33305004495a9","hash":"5d8a793ce230478685c55b5c831ae33f1a5d7eb9"}
,"/home/litha/Documents/Hacktiv8/Phase 3/guru-private-server/middleware/authStudent.js": {"path":"/home/litha/Documents/Hacktiv8/Phase 3/guru-private-server/middleware/authStudent.js","statementMap":{"0":{"start":{"line":2,"column":24},"end":{"line":2,"column":55}},"1":{"start":{"line":3,"column":20},"end":{"line":3,"column":40}},"2":{"start":{"line":5,"column":0},"end":{"line":33,"column":1}},"3":{"start":{"line":6,"column":2},"end":{"line":32,"column":3}},"4":{"start":{"line":7,"column":25},"end":{"line":7,"column":49}},"5":{"start":{"line":8,"column":4},"end":{"line":27,"column":5}},"6":{"start":{"line":9,"column":6},"end":{"line":11,"column":31}},"7":{"start":{"line":14,"column":22},"end":{"line":14,"column":47}},"8":{"start":{"line":15,"column":15},"end":{"line":15,"column":25}},"9":{"start":{"line":16,"column":6},"end":{"line":16,"column":32}},"10":{"start":{"line":17,"column":17},"end":{"line":17,"column":57}},"11":{"start":{"line":19,"column":6},"end":{"line":26,"column":7}},"12":{"start":{"line":20,"column":8},"end":{"line":20,"column":14}},"13":{"start":{"line":23,"column":8},"end":{"line":25,"column":39}},"14":{"start":{"line":31,"column":4},"end":{"line":31,"column":15}}},"fnMap":{"0":{"name":"(anonymous_0)","decl":{"start":{"line":5,"column":17},"end":{"line":5,"column":18}},"loc":{"start":{"line":5,"column":41},"end":{"line":33,"column":1}},"line":5}},"branchMap":{"0":{"loc":{"start":{"line":8,"column":4},"end":{"line":27,"column":5}},"type":"if","locations":[{"start":{"line":8,"column":4},"end":{"line":27,"column":5}},{"start":{"line":8,"column":4},"end":{"line":27,"column":5}}],"line":8},"1":{"loc":{"start":{"line":19,"column":6},"end":{"line":26,"column":7}},"type":"if","locations":[{"start":{"line":19,"column":6},"end":{"line":26,"column":7}},{"start":{"line":19,"column":6},"end":{"line":26,"column":7}}],"line":19}},"s":{"0":14,"1":14,"2":14,"3":17,"4":17,"5":17,"6":3,"7":14,"8":14,"9":14,"10":14,"11":14,"12":14,"13":0,"14":3},"f":{"0":17},"b":{"0":[3,14],"1":[14,0]},"_coverageSchema":"1a1c01bbd47fc00a2c39e90264f33305004495a9","hash":"91e4769390c94cfb6a6fa0cd54932e1b0c003080"}
,"/home/litha/Documents/Hacktiv8/Phase 3/guru-private-server/middleware/authTeacher.js": {"path":"/home/litha/Documents/Hacktiv8/Phase 3/guru-private-server/middleware/authTeacher.js","statementMap":{"0":{"start":{"line":1,"column":24},"end":{"line":1,"column":55}},"1":{"start":{"line":2,"column":20},"end":{"line":2,"column":46}},"2":{"start":{"line":6,"column":8},"end":{"line":30,"column":11}},"3":{"start":{"line":7,"column":33},"end":{"line":7,"column":57}},"4":{"start":{"line":8,"column":12},"end":{"line":26,"column":13}},"5":{"start":{"line":9,"column":14},"end":{"line":11,"column":39}},"6":{"start":{"line":14,"column":30},"end":{"line":14,"column":55}},"7":{"start":{"line":15,"column":23},"end":{"line":15,"column":33}},"8":{"start":{"line":16,"column":14},"end":{"line":16,"column":40}},"9":{"start":{"line":17,"column":25},"end":{"line":17,"column":87}},"10":{"start":{"line":18,"column":14},"end":{"line":25,"column":15}},"11":{"start":{"line":19,"column":16},"end":{"line":19,"column":22}},"12":{"start":{"line":22,"column":16},"end":{"line":24,"column":47}},"13":{"start":{"line":29,"column":12},"end":{"line":29,"column":23}},"14":{"start":{"line":34,"column":0},"end":{"line":34,"column":28}}},"fnMap":{"0":{"name":"(anonymous_0)","decl":{"start":{"line":5,"column":4},"end":{"line":5,"column":5}},"loc":{"start":{"line":5,"column":38},"end":{"line":31,"column":9}},"line":5}},"branchMap":{"0":{"loc":{"start":{"line":8,"column":12},"end":{"line":26,"column":13}},"type":"if","locations":[{"start":{"line":8,"column":12},"end":{"line":26,"column":13}},{"start":{"line":8,"column":12},"end":{"line":26,"column":13}}],"line":8},"1":{"loc":{"start":{"line":18,"column":14},"end":{"line":25,"column":15}},"type":"if","locations":[{"start":{"line":18,"column":14},"end":{"line":25,"column":15}},{"start":{"line":18,"column":14},"end":{"line":25,"column":15}}],"line":18}},"s":{"0":14,"1":14,"2":14,"3":14,"4":14,"5":1,"6":13,"7":13,"8":13,"9":13,"10":13,"11":13,"12":0,"13":1,"14":14},"f":{"0":14},"b":{"0":[1,13],"1":[13,0]},"_coverageSchema":"1a1c01bbd47fc00a2c39e90264f33305004495a9","hash":"e22c924768b9d26dcee054941a3afcf87cb04f8f"}
,"/home/litha/Documents/Hacktiv8/Phase 3/guru-private-server/middleware/authorizationOrder.js": {"path":"/home/litha/Documents/Hacktiv8/Phase 3/guru-private-server/middleware/authorizationOrder.js","statementMap":{"0":{"start":{"line":1,"column":16},"end":{"line":1,"column":36}},"1":{"start":{"line":3,"column":0},"end":{"line":19,"column":1}},"2":{"start":{"line":4,"column":2},"end":{"line":18,"column":3}},"3":{"start":{"line":5,"column":20},"end":{"line":10,"column":6}},"4":{"start":{"line":11,"column":4},"end":{"line":15,"column":5}},"5":{"start":{"line":11,"column":17},"end":{"line":11,"column":23}},"6":{"start":{"line":12,"column":9},"end":{"line":15,"column":5}},"7":{"start":{"line":17,"column":4},"end":{"line":17,"column":13}}},"fnMap":{"0":{"name":"(anonymous_0)","decl":{"start":{"line":3,"column":17},"end":{"line":3,"column":18}},"loc":{"start":{"line":3,"column":43},"end":{"line":19,"column":1}},"line":3}},"branchMap":{"0":{"loc":{"start":{"line":11,"column":4},"end":{"line":15,"column":5}},"type":"if","locations":[{"start":{"line":11,"column":4},"end":{"line":15,"column":5}},{"start":{"line":11,"column":4},"end":{"line":15,"column":5}}],"line":11}},"s":{"0":14,"1":14,"2":4,"3":4,"4":4,"5":2,"6":2,"7":2},"f":{"0":4},"b":{"0":[2,2]},"_coverageSchema":"1a1c01bbd47fc00a2c39e90264f33305004495a9","hash":"06eea12fdce13d190e4a450a4248df201acb9dae"}
,"/home/litha/Documents/Hacktiv8/Phase 3/guru-private-server/middleware/errorhandler.js": {"path":"/home/litha/Documents/Hacktiv8/Phase 3/guru-private-server/middleware/errorhandler.js","statementMap":{"0":{"start":{"line":3,"column":19},"end":{"line":3,"column":36}},"1":{"start":{"line":4,"column":16},"end":{"line":4,"column":54}},"2":{"start":{"line":5,"column":6},"end":{"line":18,"column":7}},"3":{"start":{"line":6,"column":25},"end":{"line":6,"column":59}},"4":{"start":{"line":6,"column":48},"end":{"line":6,"column":57}},"5":{"start":{"line":7,"column":8},"end":{"line":7,"column":47}},"6":{"start":{"line":9,"column":11},"end":{"line":18,"column":7}},"7":{"start":{"line":10,"column":8},"end":{"line":12,"column":11}},"8":{"start":{"line":11,"column":10},"end":{"line":11,"column":33}},"9":{"start":{"line":13,"column":8},"end":{"line":13,"column":29}},"10":{"start":{"line":14,"column":8},"end":{"line":14,"column":21}},"11":{"start":{"line":15,"column":13},"end":{"line":18,"column":7}},"12":{"start":{"line":16,"column":8},"end":{"line":16,"column":41}},"13":{"start":{"line":17,"column":8},"end":{"line":17,"column":21}},"14":{"start":{"line":19,"column":6},"end":{"line":19,"column":48}},"15":{"start":{"line":23,"column":0},"end":{"line":23,"column":30}}},"fnMap":{"0":{"name":"(anonymous_0)","decl":{"start":{"line":2,"column":4},"end":{"line":2,"column":5}},"loc":{"start":{"line":2,"column":39},"end":{"line":20,"column":5}},"line":2},"1":{"name":"(anonymous_1)","decl":{"start":{"line":6,"column":41},"end":{"line":6,"column":42}},"loc":{"start":{"line":6,"column":48},"end":{"line":6,"column":57}},"line":6},"2":{"name":"(anonymous_2)","decl":{"start":{"line":10,"column":29},"end":{"line":10,"column":30}},"loc":{"start":{"line":10,"column":40},"end":{"line":12,"column":9}},"line":10}},"branchMap":{"0":{"loc":{"start":{"line":3,"column":19},"end":{"line":3,"column":36}},"type":"binary-expr","locations":[{"start":{"line":3,"column":19},"end":{"line":3,"column":29}},{"start":{"line":3,"column":33},"end":{"line":3,"column":36}}],"line":3},"1":{"loc":{"start":{"line":4,"column":16},"end":{"line":4,"column":54}},"type":"binary-expr","locations":[{"start":{"line":4,"column":16},"end":{"line":4,"column":27}},{"start":{"line":4,"column":31},"end":{"line":4,"column":54}}],"line":4},"2":{"loc":{"start":{"line":5,"column":6},"end":{"line":18,"column":7}},"type":"if","locations":[{"start":{"line":5,"column":6},"end":{"line":18,"column":7}},{"start":{"line":5,"column":6},"end":{"line":18,"column":7}}],"line":5},"3":{"loc":{"start":{"line":9,"column":11},"end":{"line":18,"column":7}},"type":"if","locations":[{"start":{"line":9,"column":11},"end":{"line":18,"column":7}},{"start":{"line":9,"column":11},"end":{"line":18,"column":7}}],"line":9},"4":{"loc":{"start":{"line":9,"column":15},"end":{"line":9,"column":103}},"type":"binary-expr","locations":[{"start":{"line":9,"column":15},"end":{"line":9,"column":54}},{"start":{"line":9,"column":58},"end":{"line":9,"column":103}}],"line":9},"5":{"loc":{"start":{"line":15,"column":13},"end":{"line":18,"column":7}},"type":"if","locations":[{"start":{"line":15,"column":13},"end":{"line":18,"column":7}},{"start":{"line":15,"column":13},"end":{"line":18,"column":7}}],"line":15}},"s":{"0":56,"1":56,"2":56,"3":1,"4":1,"5":1,"6":55,"7":24,"8":37,"9":24,"10":24,"11":31,"12":4,"13":4,"14":56,"15":14},"f":{"0":56,"1":1,"2":37},"b":{"0":[56,29],"1":[56,4],"2":[1,55],"3":[24,31],"4":[55,32],"5":[4,27]},"_coverageSchema":"1a1c01bbd47fc00a2c39e90264f33305004495a9","hash":"b713379e8487430d4b8b5686bdf66c3ebac8f7a4"}
,"/home/litha/Documents/Hacktiv8/Phase 3/guru-private-server/models/index.js": {"path":"/home/litha/Documents/Hacktiv8/Phase 3/guru-private-server/models/index.js","statementMap":{"0":{"start":{"line":3,"column":11},"end":{"line":3,"column":24}},"1":{"start":{"line":4,"column":13},"end":{"line":4,"column":28}},"2":{"start":{"line":5,"column":18},"end":{"line":5,"column":38}},"3":{"start":{"line":6,"column":17},"end":{"line":6,"column":42}},"4":{"start":{"line":7,"column":12},"end":{"line":7,"column":49}},"5":{"start":{"line":8,"column":15},"end":{"line":8,"column":65}},"6":{"start":{"line":9,"column":11},"end":{"line":9,"column":13}},"7":{"start":{"line":12,"column":0},"end":{"line":16,"column":1}},"8":{"start":{"line":13,"column":2},"end":{"line":13,"column":74}},"9":{"start":{"line":15,"column":2},"end":{"line":15,"column":87}},"10":{"start":{"line":18,"column":0},"end":{"line":26,"column":5}},"11":{"start":{"line":21,"column":4},"end":{"line":21,"column":90}},"12":{"start":{"line":24,"column":18},"end":{"line":24,"column":85}},"13":{"start":{"line":25,"column":4},"end":{"line":25,"column":27}},"14":{"start":{"line":28,"column":0},"end":{"line":32,"column":3}},"15":{"start":{"line":29,"column":2},"end":{"line":31,"column":3}},"16":{"start":{"line":30,"column":4},"end":{"line":30,"column":32}},"17":{"start":{"line":34,"column":0},"end":{"line":34,"column":25}},"18":{"start":{"line":35,"column":0},"end":{"line":35,"column":25}},"19":{"start":{"line":37,"column":0},"end":{"line":37,"column":20}}},"fnMap":{"0":{"name":"(anonymous_0)","decl":{"start":{"line":20,"column":10},"end":{"line":20,"column":11}},"loc":{"start":{"line":20,"column":18},"end":{"line":22,"column":3}},"line":20},"1":{"name":"(anonymous_1)","decl":{"start":{"line":23,"column":11},"end":{"line":23,"column":12}},"loc":{"start":{"line":23,"column":19},"end":{"line":26,"column":3}},"line":23},"2":{"name":"(anonymous_2)","decl":{"start":{"line":28,"column":24},"end":{"line":28,"column":25}},"loc":{"start":{"line":28,"column":37},"end":{"line":32,"column":1}},"line":28}},"branchMap":{"0":{"loc":{"start":{"line":7,"column":12},"end":{"line":7,"column":49}},"type":"binary-expr","locations":[{"start":{"line":7,"column":12},"end":{"line":7,"column":32}},{"start":{"line":7,"column":36},"end":{"line":7,"column":49}}],"line":7},"1":{"loc":{"start":{"line":12,"column":0},"end":{"line":16,"column":1}},"type":"if","locations":[{"start":{"line":12,"column":0},"end":{"line":16,"column":1}},{"start":{"line":12,"column":0},"end":{"line":16,"column":1}}],"line":12},"2":{"loc":{"start":{"line":21,"column":11},"end":{"line":21,"column":89}},"type":"binary-expr","locations":[{"start":{"line":21,"column":12},"end":{"line":21,"column":35}},{"start":{"line":21,"column":41},"end":{"line":21,"column":58}},{"start":{"line":21,"column":64},"end":{"line":21,"column":88}}],"line":21},"3":{"loc":{"start":{"line":29,"column":2},"end":{"line":31,"column":3}},"type":"if","locations":[{"start":{"line":29,"column":2},"end":{"line":31,"column":3}},{"start":{"line":29,"column":2},"end":{"line":31,"column":3}}],"line":29}},"s":{"0":14,"1":14,"2":14,"3":14,"4":14,"5":14,"6":14,"7":14,"8":0,"9":14,"10":14,"11":56,"12":42,"13":42,"14":14,"15":42,"16":42,"17":14,"18":14,"19":14},"f":{"0":56,"1":42,"2":42},"b":{"0":[14,0],"1":[0,14],"2":[56,56,42],"3":[42,0]},"_coverageSchema":"1a1c01bbd47fc00a2c39e90264f33305004495a9","hash":"54df55eea3ad825599fe2afef01fdca3477c9e2e"}
,"/home/litha/Documents/Hacktiv8/Phase 3/guru-private-server/models/order.js": {"path":"/home/litha/Documents/Hacktiv8/Phase 3/guru-private-server/models/order.js","statementMap":{"0":{"start":{"line":4,"column":4},"end":{"line":4,"column":24}},"1":{"start":{"line":5,"column":0},"end":{"line":71,"column":2}},"2":{"start":{"line":14,"column":6},"end":{"line":14,"column":37}},"3":{"start":{"line":15,"column":6},"end":{"line":15,"column":37}},"4":{"start":{"line":18,"column":2},"end":{"line":69,"column":5}},"5":{"start":{"line":55,"column":10},"end":{"line":55,"column":99}},"6":{"start":{"line":55,"column":62},"end":{"line":55,"column":99}},"7":{"start":{"line":63,"column":8},"end":{"line":63,"column":31}},"8":{"start":{"line":64,"column":8},"end":{"line":64,"column":27}},"9":{"start":{"line":70,"column":2},"end":{"line":70,"column":15}}},"fnMap":{"0":{"name":"(anonymous_0)","decl":{"start":{"line":5,"column":17},"end":{"line":5,"column":18}},"loc":{"start":{"line":5,"column":43},"end":{"line":71,"column":1}},"line":5},"1":{"name":"(anonymous_1)","decl":{"start":{"line":12,"column":4},"end":{"line":12,"column":5}},"loc":{"start":{"line":12,"column":29},"end":{"line":16,"column":5}},"line":12},"2":{"name":"(anonymous_2)","decl":{"start":{"line":54,"column":8},"end":{"line":54,"column":9}},"loc":{"start":{"line":54,"column":27},"end":{"line":56,"column":9}},"line":54},"3":{"name":"(anonymous_3)","decl":{"start":{"line":62,"column":6},"end":{"line":62,"column":7}},"loc":{"start":{"line":62,"column":30},"end":{"line":65,"column":7}},"line":62}},"branchMap":{"0":{"loc":{"start":{"line":55,"column":10},"end":{"line":55,"column":99}},"type":"if","locations":[{"start":{"line":55,"column":10},"end":{"line":55,"column":99}},{"start":{"line":55,"column":10},"end":{"line":55,"column":99}}],"line":55}},"s":{"0":14,"1":14,"2":14,"3":14,"4":14,"5":6,"6":0,"7":5,"8":5,"9":14},"f":{"0":14,"1":14,"2":6,"3":5},"b":{"0":[0,6]},"_coverageSchema":"1a1c01bbd47fc00a2c39e90264f33305004495a9","hash":"9fb51ea9cfd53ff884c2fb0170824d1f1db6ab31"}
,"/home/litha/Documents/Hacktiv8/Phase 3/guru-private-server/models/student.js": {"path":"/home/litha/Documents/Hacktiv8/Phase 3/guru-private-server/models/student.js","statementMap":{"0":{"start":{"line":3,"column":42},"end":{"line":3,"column":78}},"1":{"start":{"line":6,"column":4},"end":{"line":6,"column":24}},"2":{"start":{"line":7,"column":0},"end":{"line":91,"column":2}},"3":{"start":{"line":16,"column":6},"end":{"line":16,"column":35}},"4":{"start":{"line":19,"column":2},"end":{"line":85,"column":5}},"5":{"start":{"line":87,"column":2},"end":{"line":89,"column":5}},"6":{"start":{"line":88,"column":4},"end":{"line":88,"column":59}},"7":{"start":{"line":90,"column":2},"end":{"line":90,"column":17}}},"fnMap":{"0":{"name":"(anonymous_0)","decl":{"start":{"line":7,"column":17},"end":{"line":7,"column":18}},"loc":{"start":{"line":7,"column":43},"end":{"line":91,"column":1}},"line":7},"1":{"name":"(anonymous_1)","decl":{"start":{"line":14,"column":4},"end":{"line":14,"column":5}},"loc":{"start":{"line":14,"column":29},"end":{"line":17,"column":5}},"line":14},"2":{"name":"(anonymous_2)","decl":{"start":{"line":87,"column":23},"end":{"line":87,"column":24}},"loc":{"start":{"line":87,"column":46},"end":{"line":89,"column":4}},"line":87}},"branchMap":{},"s":{"0":14,"1":14,"2":14,"3":14,"4":14,"5":14,"6":12,"7":14},"f":{"0":14,"1":14,"2":12},"b":{},"_coverageSchema":"1a1c01bbd47fc00a2c39e90264f33305004495a9","hash":"a53a956eb2a7ef21510fc3ba07989853c1b84dde"}
,"/home/litha/Documents/Hacktiv8/Phase 3/guru-private-server/models/teacher.js": {"path":"/home/litha/Documents/Hacktiv8/Phase 3/guru-private-server/models/teacher.js","statementMap":{"0":{"start":{"line":4,"column":4},"end":{"line":4,"column":24}},"1":{"start":{"line":6,"column":29},"end":{"line":6,"column":65}},"2":{"start":{"line":9,"column":0},"end":{"line":157,"column":2}},"3":{"start":{"line":18,"column":6},"end":{"line":18,"column":35}},"4":{"start":{"line":21,"column":2},"end":{"line":155,"column":5}},"5":{"start":{"line":147,"column":8},"end":{"line":147,"column":40}},"6":{"start":{"line":148,"column":8},"end":{"line":148,"column":26}},"7":{"start":{"line":149,"column":8},"end":{"line":149,"column":26}},"8":{"start":{"line":150,"column":8},"end":{"line":150,"column":61}},"9":{"start":{"line":156,"column":2},"end":{"line":156,"column":17}}},"fnMap":{"0":{"name":"(anonymous_0)","decl":{"start":{"line":9,"column":17},"end":{"line":9,"column":18}},"loc":{"start":{"line":9,"column":43},"end":{"line":157,"column":1}},"line":9},"1":{"name":"(anonymous_1)","decl":{"start":{"line":16,"column":4},"end":{"line":16,"column":5}},"loc":{"start":{"line":16,"column":29},"end":{"line":19,"column":5}},"line":16},"2":{"name":"(anonymous_2)","decl":{"start":{"line":146,"column":6},"end":{"line":146,"column":7}},"loc":{"start":{"line":146,"column":28},"end":{"line":151,"column":7}},"line":146}},"branchMap":{},"s":{"0":14,"1":14,"2":14,"3":14,"4":14,"5":12,"6":12,"7":12,"8":12,"9":14},"f":{"0":14,"1":14,"2":12},"b":{},"_coverageSchema":"1a1c01bbd47fc00a2c39e90264f33305004495a9","hash":"0899659434478d60885c3a051712a78ffa37cf2b"}
,"/home/litha/Documents/Hacktiv8/Phase 3/guru-private-server/routes/index.js": {"path":"/home/litha/Documents/Hacktiv8/Phase 3/guru-private-server/routes/index.js","statementMap":{"0":{"start":{"line":1,"column":15},"end":{"line":1,"column":42}},"1":{"start":{"line":2,"column":22},"end":{"line":2,"column":43}},"2":{"start":{"line":3,"column":22},"end":{"line":3,"column":43}},"3":{"start":{"line":4,"column":20},"end":{"line":4,"column":39}},"4":{"start":{"line":6,"column":0},"end":{"line":6,"column":38}},"5":{"start":{"line":7,"column":0},"end":{"line":7,"column":38}},"6":{"start":{"line":8,"column":0},"end":{"line":8,"column":34}},"7":{"start":{"line":10,"column":0},"end":{"line":10,"column":23}}},"fnMap":{},"branchMap":{},"s":{"0":14,"1":14,"2":14,"3":14,"4":14,"5":14,"6":14,"7":14},"f":{},"b":{},"_coverageSchema":"1a1c01bbd47fc00a2c39e90264f33305004495a9","hash":"dbe72b47fa959608d53b3c09bb719ef7b0c9f3b0"}
,"/home/litha/Documents/Hacktiv8/Phase 3/guru-private-server/routes/orders.js": {"path":"/home/litha/Documents/Hacktiv8/Phase 3/guru-private-server/routes/orders.js","statementMap":{"0":{"start":{"line":1,"column":15},"end":{"line":1,"column":42}},"1":{"start":{"line":2,"column":24},"end":{"line":2,"column":65}},"2":{"start":{"line":3,"column":20},"end":{"line":3,"column":56}},"3":{"start":{"line":4,"column":27},"end":{"line":4,"column":70}},"4":{"start":{"line":6,"column":0},"end":{"line":6,"column":45}},"5":{"start":{"line":7,"column":0},"end":{"line":7,"column":45}},"6":{"start":{"line":9,"column":0},"end":{"line":9,"column":23}},"7":{"start":{"line":10,"column":0},"end":{"line":10,"column":48}},"8":{"start":{"line":13,"column":0},"end":{"line":13,"column":37}},"9":{"start":{"line":14,"column":0},"end":{"line":14,"column":51}},"10":{"start":{"line":15,"column":0},"end":{"line":15,"column":50}},"11":{"start":{"line":17,"column":0},"end":{"line":17,"column":23}}},"fnMap":{},"branchMap":{},"s":{"0":14,"1":14,"2":14,"3":14,"4":14,"5":14,"6":14,"7":14,"8":14,"9":14,"10":14,"11":14},"f":{},"b":{},"_coverageSchema":"1a1c01bbd47fc00a2c39e90264f33305004495a9","hash":"57ad23f6d0140c7b4d0fc92c2969788bcb58ef3c"}
,"/home/litha/Documents/Hacktiv8/Phase 3/guru-private-server/routes/students.js": {"path":"/home/litha/Documents/Hacktiv8/Phase 3/guru-private-server/routes/students.js","statementMap":{"0":{"start":{"line":1,"column":26},"end":{"line":1,"column":69}},"1":{"start":{"line":2,"column":15},"end":{"line":2,"column":42}},"2":{"start":{"line":3,"column":20},"end":{"line":3,"column":56}},"3":{"start":{"line":6,"column":0},"end":{"line":6,"column":42}},"4":{"start":{"line":7,"column":0},"end":{"line":7,"column":52}},"5":{"start":{"line":8,"column":0},"end":{"line":8,"column":46}},"6":{"start":{"line":10,"column":0},"end":{"line":10,"column":52}},"7":{"start":{"line":11,"column":0},"end":{"line":11,"column":23}},"8":{"start":{"line":12,"column":0},"end":{"line":12,"column":49}},"9":{"start":{"line":17,"column":0},"end":{"line":17,"column":23}}},"fnMap":{},"branchMap":{},"s":{"0":14,"1":14,"2":14,"3":14,"4":14,"5":14,"6":14,"7":14,"8":14,"9":14},"f":{},"b":{},"_coverageSchema":"1a1c01bbd47fc00a2c39e90264f33305004495a9","hash":"e588aa3d143a5a3ba53a9c4460bf6ba031a43f08"}
,"/home/litha/Documents/Hacktiv8/Phase 3/guru-private-server/routes/teachers.js": {"path":"/home/litha/Documents/Hacktiv8/Phase 3/guru-private-server/routes/teachers.js","statementMap":{"0":{"start":{"line":1,"column":15},"end":{"line":1,"column":42}},"1":{"start":{"line":2,"column":26},"end":{"line":2,"column":69}},"2":{"start":{"line":3,"column":20},"end":{"line":3,"column":56}},"3":{"start":{"line":5,"column":0},"end":{"line":5,"column":43}},"4":{"start":{"line":6,"column":0},"end":{"line":6,"column":52}},"5":{"start":{"line":7,"column":0},"end":{"line":7,"column":46}},"6":{"start":{"line":8,"column":0},"end":{"line":8,"column":52}},"7":{"start":{"line":10,"column":0},"end":{"line":10,"column":28}},"8":{"start":{"line":11,"column":0},"end":{"line":11,"column":49}},"9":{"start":{"line":12,"column":0},"end":{"line":12,"column":49}},"10":{"start":{"line":14,"column":0},"end":{"line":14,"column":23}}},"fnMap":{},"branchMap":{},"s":{"0":14,"1":14,"2":14,"3":14,"4":14,"5":14,"6":14,"7":14,"8":14,"9":14,"10":14},"f":{},"b":{},"_coverageSchema":"1a1c01bbd47fc00a2c39e90264f33305004495a9","hash":"168b905854493935b7e1054daf9ee8b03252a0d4"}
}
