{"/Users/bimakrishna/Desktop/Final Project/guru-private-server/app.js": {"path":"/Users/bimakrishna/Desktop/Final Project/guru-private-server/app.js","statementMap":{"0":{"start":{"line":1,"column":0},"end":{"line":3,"column":1}},"1":{"start":{"line":2,"column":2},"end":{"line":2,"column":28}},"2":{"start":{"line":5,"column":16},"end":{"line":5,"column":34}},"3":{"start":{"line":6,"column":12},"end":{"line":6,"column":21}},"4":{"start":{"line":7,"column":15},"end":{"line":7,"column":34}},"5":{"start":{"line":8,"column":21},"end":{"line":8,"column":57}},"6":{"start":{"line":9,"column":13},"end":{"line":9,"column":28}},"7":{"start":{"line":11,"column":0},"end":{"line":11,"column":15}},"8":{"start":{"line":12,"column":0},"end":{"line":12,"column":48}},"9":{"start":{"line":13,"column":0},"end":{"line":13,"column":23}},"10":{"start":{"line":14,"column":0},"end":{"line":14,"column":15}},"11":{"start":{"line":15,"column":0},"end":{"line":15,"column":28}},"12":{"start":{"line":17,"column":0},"end":{"line":17,"column":20}}},"fnMap":{},"branchMap":{"0":{"loc":{"start":{"line":1,"column":0},"end":{"line":3,"column":1}},"type":"if","locations":[{"start":{"line":1,"column":0},"end":{"line":3,"column":1}},{"start":{"line":1,"column":0},"end":{"line":3,"column":1}}],"line":1}},"s":{"0":13,"1":13,"2":13,"3":13,"4":13,"5":13,"6":13,"7":13,"8":13,"9":13,"10":13,"11":13,"12":13},"f":{},"b":{"0":[13,0]},"_coverageSchema":"1a1c01bbd47fc00a2c39e90264f33305004495a9","hash":"42ef1d20b78760d57979a10ddbf7789111c257a0"}
,"/Users/bimakrishna/Desktop/Final Project/guru-private-server/controllers/orderController.js": {"path":"/Users/bimakrishna/Desktop/Final Project/guru-private-server/controllers/orderController.js","statementMap":{"0":{"start":{"line":1,"column":34},"end":{"line":1,"column":54}},"1":{"start":{"line":5,"column":4},"end":{"line":30,"column":5}},"2":{"start":{"line":6,"column":26},"end":{"line":6,"column":63}},"3":{"start":{"line":7,"column":6},"end":{"line":21,"column":7}},"4":{"start":{"line":8,"column":24},"end":{"line":15,"column":9}},"5":{"start":{"line":16,"column":21},"end":{"line":16,"column":48}},"6":{"start":{"line":17,"column":8},"end":{"line":17,"column":34}},"7":{"start":{"line":18,"column":13},"end":{"line":21,"column":7}},"8":{"start":{"line":23,"column":6},"end":{"line":29,"column":21}},"9":{"start":{"line":24,"column":8},"end":{"line":28,"column":10}},"10":{"start":{"line":29,"column":12},"end":{"line":29,"column":21}},"11":{"start":{"line":33,"column":4},"end":{"line":38,"column":5}},"12":{"start":{"line":34,"column":19},"end":{"line":34,"column":71}},"13":{"start":{"line":35,"column":6},"end":{"line":35,"column":32}},"14":{"start":{"line":37,"column":6},"end":{"line":37,"column":16}},"15":{"start":{"line":42,"column":4},"end":{"line":51,"column":5}},"16":{"start":{"line":43,"column":19},"end":{"line":43,"column":85}},"17":{"start":{"line":44,"column":6},"end":{"line":48,"column":7}},"18":{"start":{"line":44,"column":16},"end":{"line":44,"column":42}},"19":{"start":{"line":45,"column":11},"end":{"line":48,"column":7}},"20":{"start":{"line":50,"column":6},"end":{"line":50,"column":15}},"21":{"start":{"line":55,"column":4},"end":{"line":67,"column":5}},"22":{"start":{"line":56,"column":24},"end":{"line":56,"column":90}},"23":{"start":{"line":57,"column":6},"end":{"line":64,"column":7}},"24":{"start":{"line":58,"column":28},"end":{"line":61,"column":9}},"25":{"start":{"line":62,"column":25},"end":{"line":62,"column":55}},"26":{"start":{"line":63,"column":8},"end":{"line":63,"column":80}},"27":{"start":{"line":63,"column":41},"end":{"line":63,"column":80}},"28":{"start":{"line":66,"column":6},"end":{"line":66,"column":16}},"29":{"start":{"line":70,"column":4},"end":{"line":75,"column":5}},"30":{"start":{"line":71,"column":19},"end":{"line":71,"column":70}},"31":{"start":{"line":72,"column":6},"end":{"line":72,"column":78}},"32":{"start":{"line":74,"column":6},"end":{"line":74,"column":16}},"33":{"start":{"line":79,"column":0},"end":{"line":79,"column":32}}},"fnMap":{"0":{"name":"(anonymous_0)","decl":{"start":{"line":4,"column":2},"end":{"line":4,"column":3}},"loc":{"start":{"line":4,"column":44},"end":{"line":31,"column":3}},"line":4},"1":{"name":"(anonymous_1)","decl":{"start":{"line":32,"column":2},"end":{"line":32,"column":3}},"loc":{"start":{"line":32,"column":45},"end":{"line":39,"column":3}},"line":32},"2":{"name":"(anonymous_2)","decl":{"start":{"line":41,"column":2},"end":{"line":41,"column":3}},"loc":{"start":{"line":41,"column":42},"end":{"line":52,"column":3}},"line":41},"3":{"name":"(anonymous_3)","decl":{"start":{"line":54,"column":2},"end":{"line":54,"column":3}},"loc":{"start":{"line":54,"column":46},"end":{"line":68,"column":3}},"line":54},"4":{"name":"(anonymous_4)","decl":{"start":{"line":69,"column":2},"end":{"line":69,"column":3}},"loc":{"start":{"line":69,"column":44},"end":{"line":76,"column":3}},"line":69}},"branchMap":{"0":{"loc":{"start":{"line":7,"column":6},"end":{"line":21,"column":7}},"type":"if","locations":[{"start":{"line":7,"column":6},"end":{"line":21,"column":7}},{"start":{"line":7,"column":6},"end":{"line":21,"column":7}}],"line":7},"1":{"loc":{"start":{"line":23,"column":6},"end":{"line":29,"column":21}},"type":"if","locations":[{"start":{"line":23,"column":6},"end":{"line":29,"column":21}},{"start":{"line":23,"column":6},"end":{"line":29,"column":21}}],"line":23},"2":{"loc":{"start":{"line":44,"column":6},"end":{"line":48,"column":7}},"type":"if","locations":[{"start":{"line":44,"column":6},"end":{"line":48,"column":7}},{"start":{"line":44,"column":6},"end":{"line":48,"column":7}}],"line":44},"3":{"loc":{"start":{"line":57,"column":6},"end":{"line":64,"column":7}},"type":"if","locations":[{"start":{"line":57,"column":6},"end":{"line":64,"column":7}},{"start":{"line":57,"column":6},"end":{"line":64,"column":7}}],"line":57},"4":{"loc":{"start":{"line":63,"column":8},"end":{"line":63,"column":80}},"type":"if","locations":[{"start":{"line":63,"column":8},"end":{"line":63,"column":80}},{"start":{"line":63,"column":8},"end":{"line":63,"column":80}}],"line":63},"5":{"loc":{"start":{"line":63,"column":12},"end":{"line":63,"column":39}},"type":"binary-expr","locations":[{"start":{"line":63,"column":12},"end":{"line":63,"column":20}},{"start":{"line":63,"column":24},"end":{"line":63,"column":39}}],"line":63}},"s":{"0":13,"1":3,"2":3,"3":3,"4":2,"5":2,"6":1,"7":1,"8":2,"9":1,"10":1,"11":1,"12":1,"13":1,"14":0,"15":2,"16":2,"17":2,"18":1,"19":1,"20":1,"21":1,"22":1,"23":1,"24":1,"25":1,"26":1,"27":1,"28":0,"29":1,"30":1,"31":1,"32":0,"33":13},"f":{"0":3,"1":1,"2":2,"3":1,"4":1},"b":{"0":[2,1],"1":[1,1],"2":[1,1],"3":[1,0],"4":[1,0],"5":[1,1]},"_coverageSchema":"1a1c01bbd47fc00a2c39e90264f33305004495a9","hash":"765c0c63ca2cf74686237bbe2eebc8ed459341cd"}
,"/Users/bimakrishna/Desktop/Final Project/guru-private-server/controllers/studentController.js": {"path":"/Users/bimakrishna/Desktop/Final Project/guru-private-server/controllers/studentController.js","statementMap":{"0":{"start":{"line":1,"column":24},"end":{"line":1,"column":55}},"1":{"start":{"line":2,"column":42},"end":{"line":2,"column":78}},"2":{"start":{"line":3,"column":19},"end":{"line":3,"column":39}},"3":{"start":{"line":4,"column":15},"end":{"line":4,"column":34}},"4":{"start":{"line":8,"column":78},"end":{"line":8,"column":86}},"5":{"start":{"line":9,"column":4},"end":{"line":27,"column":8}},"6":{"start":{"line":11,"column":8},"end":{"line":11,"column":66}},"7":{"start":{"line":14,"column":8},"end":{"line":26,"column":9}},"8":{"start":{"line":15,"column":10},"end":{"line":24,"column":11}},"9":{"start":{"line":16,"column":28},"end":{"line":16,"column":30}},"10":{"start":{"line":17,"column":12},"end":{"line":19,"column":13}},"11":{"start":{"line":17,"column":25},"end":{"line":17,"column":26}},"12":{"start":{"line":18,"column":16},"end":{"line":18,"column":54}},"13":{"start":{"line":20,"column":12},"end":{"line":20,"column":57}},"14":{"start":{"line":22,"column":15},"end":{"line":24,"column":11}},"15":{"start":{"line":23,"column":12},"end":{"line":23,"column":55}},"16":{"start":{"line":25,"column":10},"end":{"line":25,"column":19}},"17":{"start":{"line":31,"column":18},"end":{"line":31,"column":32}},"18":{"start":{"line":32,"column":21},"end":{"line":32,"column":38}},"19":{"start":{"line":33,"column":4},"end":{"line":33,"column":77}},"20":{"start":{"line":33,"column":19},"end":{"line":33,"column":77}},"21":{"start":{"line":34,"column":4},"end":{"line":34,"column":72}},"22":{"start":{"line":34,"column":16},"end":{"line":34,"column":72}},"23":{"start":{"line":35,"column":4},"end":{"line":50,"column":8}},"24":{"start":{"line":37,"column":8},"end":{"line":46,"column":9}},"25":{"start":{"line":38,"column":10},"end":{"line":38,"column":60}},"26":{"start":{"line":40,"column":13},"end":{"line":46,"column":9}},"27":{"start":{"line":41,"column":31},"end":{"line":41,"column":77}},"28":{"start":{"line":42,"column":10},"end":{"line":42,"column":48}},"29":{"start":{"line":44,"column":13},"end":{"line":46,"column":9}},"30":{"start":{"line":45,"column":10},"end":{"line":45,"column":65}},"31":{"start":{"line":49,"column":8},"end":{"line":49,"column":17}},"32":{"start":{"line":54,"column":4},"end":{"line":60,"column":6}},"33":{"start":{"line":56,"column":6},"end":{"line":56,"column":43}},"34":{"start":{"line":59,"column":6},"end":{"line":59,"column":17}},"35":{"start":{"line":64,"column":15},"end":{"line":64,"column":29}},"36":{"start":{"line":65,"column":4},"end":{"line":71,"column":8}},"37":{"start":{"line":67,"column":8},"end":{"line":67,"column":116}},"38":{"start":{"line":70,"column":8},"end":{"line":70,"column":19}},"39":{"start":{"line":75,"column":21},"end":{"line":75,"column":56}},"40":{"start":{"line":76,"column":24},"end":{"line":84,"column":5}},"41":{"start":{"line":85,"column":4},"end":{"line":103,"column":6}},"42":{"start":{"line":87,"column":10},"end":{"line":87,"column":65}},"43":{"start":{"line":90,"column":8},"end":{"line":102,"column":9}},"44":{"start":{"line":91,"column":10},"end":{"line":100,"column":11}},"45":{"start":{"line":92,"column":28},"end":{"line":92,"column":30}},"46":{"start":{"line":93,"column":12},"end":{"line":95,"column":13}},"47":{"start":{"line":93,"column":25},"end":{"line":93,"column":26}},"48":{"start":{"line":94,"column":16},"end":{"line":94,"column":54}},"49":{"start":{"line":96,"column":12},"end":{"line":96,"column":57}},"50":{"start":{"line":98,"column":15},"end":{"line":100,"column":11}},"51":{"start":{"line":99,"column":12},"end":{"line":99,"column":55}},"52":{"start":{"line":101,"column":10},"end":{"line":101,"column":19}},"53":{"start":{"line":107,"column":0},"end":{"line":107,"column":34}}},"fnMap":{"0":{"name":"(anonymous_0)","decl":{"start":{"line":7,"column":2},"end":{"line":7,"column":3}},"loc":{"start":{"line":7,"column":38},"end":{"line":28,"column":3}},"line":7},"1":{"name":"(anonymous_1)","decl":{"start":{"line":10,"column":13},"end":{"line":10,"column":14}},"loc":{"start":{"line":10,"column":19},"end":{"line":12,"column":7}},"line":10},"2":{"name":"(anonymous_2)","decl":{"start":{"line":13,"column":14},"end":{"line":13,"column":15}},"loc":{"start":{"line":13,"column":19},"end":{"line":27,"column":7}},"line":13},"3":{"name":"(anonymous_3)","decl":{"start":{"line":30,"column":2},"end":{"line":30,"column":3}},"loc":{"start":{"line":30,"column":28},"end":{"line":51,"column":3}},"line":30},"4":{"name":"(anonymous_4)","decl":{"start":{"line":36,"column":12},"end":{"line":36,"column":13}},"loc":{"start":{"line":36,"column":18},"end":{"line":47,"column":7}},"line":36},"5":{"name":"(anonymous_5)","decl":{"start":{"line":48,"column":14},"end":{"line":48,"column":15}},"loc":{"start":{"line":48,"column":19},"end":{"line":50,"column":7}},"line":48},"6":{"name":"(anonymous_6)","decl":{"start":{"line":53,"column":2},"end":{"line":53,"column":3}},"loc":{"start":{"line":53,"column":31},"end":{"line":61,"column":3}},"line":53},"7":{"name":"(anonymous_7)","decl":{"start":{"line":55,"column":10},"end":{"line":55,"column":11}},"loc":{"start":{"line":55,"column":18},"end":{"line":57,"column":5}},"line":55},"8":{"name":"(anonymous_8)","decl":{"start":{"line":58,"column":11},"end":{"line":58,"column":12}},"loc":{"start":{"line":58,"column":20},"end":{"line":60,"column":5}},"line":58},"9":{"name":"(anonymous_9)","decl":{"start":{"line":63,"column":2},"end":{"line":63,"column":3}},"loc":{"start":{"line":63,"column":38},"end":{"line":72,"column":3}},"line":63},"10":{"name":"(anonymous_10)","decl":{"start":{"line":66,"column":12},"end":{"line":66,"column":13}},"loc":{"start":{"line":66,"column":20},"end":{"line":68,"column":7}},"line":66},"11":{"name":"(anonymous_11)","decl":{"start":{"line":69,"column":13},"end":{"line":69,"column":14}},"loc":{"start":{"line":69,"column":22},"end":{"line":71,"column":7}},"line":69},"12":{"name":"(anonymous_12)","decl":{"start":{"line":74,"column":2},"end":{"line":74,"column":3}},"loc":{"start":{"line":74,"column":29},"end":{"line":104,"column":3}},"line":74},"13":{"name":"(anonymous_13)","decl":{"start":{"line":86,"column":12},"end":{"line":86,"column":13}},"loc":{"start":{"line":86,"column":18},"end":{"line":88,"column":7}},"line":86},"14":{"name":"(anonymous_14)","decl":{"start":{"line":89,"column":14},"end":{"line":89,"column":15}},"loc":{"start":{"line":89,"column":19},"end":{"line":103,"column":5}},"line":89}},"branchMap":{"0":{"loc":{"start":{"line":14,"column":8},"end":{"line":26,"column":9}},"type":"if","locations":[{"start":{"line":14,"column":8},"end":{"line":26,"column":9}},{"start":{"line":14,"column":8},"end":{"line":26,"column":9}}],"line":14},"1":{"loc":{"start":{"line":15,"column":10},"end":{"line":24,"column":11}},"type":"if","locations":[{"start":{"line":15,"column":10},"end":{"line":24,"column":11}},{"start":{"line":15,"column":10},"end":{"line":24,"column":11}}],"line":15},"2":{"loc":{"start":{"line":22,"column":15},"end":{"line":24,"column":11}},"type":"if","locations":[{"start":{"line":22,"column":15},"end":{"line":24,"column":11}},{"start":{"line":22,"column":15},"end":{"line":24,"column":11}}],"line":22},"3":{"loc":{"start":{"line":33,"column":4},"end":{"line":33,"column":77}},"type":"if","locations":[{"start":{"line":33,"column":4},"end":{"line":33,"column":77}},{"start":{"line":33,"column":4},"end":{"line":33,"column":77}}],"line":33},"4":{"loc":{"start":{"line":34,"column":4},"end":{"line":34,"column":72}},"type":"if","locations":[{"start":{"line":34,"column":4},"end":{"line":34,"column":72}},{"start":{"line":34,"column":4},"end":{"line":34,"column":72}}],"line":34},"5":{"loc":{"start":{"line":37,"column":8},"end":{"line":46,"column":9}},"type":"if","locations":[{"start":{"line":37,"column":8},"end":{"line":46,"column":9}},{"start":{"line":37,"column":8},"end":{"line":46,"column":9}}],"line":37},"6":{"loc":{"start":{"line":40,"column":13},"end":{"line":46,"column":9}},"type":"if","locations":[{"start":{"line":40,"column":13},"end":{"line":46,"column":9}},{"start":{"line":40,"column":13},"end":{"line":46,"column":9}}],"line":40},"7":{"loc":{"start":{"line":44,"column":13},"end":{"line":46,"column":9}},"type":"if","locations":[{"start":{"line":44,"column":13},"end":{"line":46,"column":9}},{"start":{"line":44,"column":13},"end":{"line":46,"column":9}}],"line":44},"8":{"loc":{"start":{"line":90,"column":8},"end":{"line":102,"column":9}},"type":"if","locations":[{"start":{"line":90,"column":8},"end":{"line":102,"column":9}},{"start":{"line":90,"column":8},"end":{"line":102,"column":9}}],"line":90},"9":{"loc":{"start":{"line":91,"column":10},"end":{"line":100,"column":11}},"type":"if","locations":[{"start":{"line":91,"column":10},"end":{"line":100,"column":11}},{"start":{"line":91,"column":10},"end":{"line":100,"column":11}}],"line":91},"10":{"loc":{"start":{"line":98,"column":15},"end":{"line":100,"column":11}},"type":"if","locations":[{"start":{"line":98,"column":15},"end":{"line":100,"column":11}},{"start":{"line":98,"column":15},"end":{"line":100,"column":11}}],"line":98}},"s":{"0":13,"1":13,"2":13,"3":13,"4":9,"5":9,"6":1,"7":8,"8":8,"9":7,"10":7,"11":7,"12":8,"13":7,"14":1,"15":1,"16":8,"17":5,"18":5,"19":5,"20":1,"21":5,"22":1,"23":5,"24":5,"25":2,"26":3,"27":1,"28":1,"29":2,"30":2,"31":0,"32":1,"33":1,"34":0,"35":1,"36":1,"37":1,"38":0,"39":7,"40":7,"41":7,"42":1,"43":6,"44":6,"45":6,"46":6,"47":6,"48":7,"49":6,"50":0,"51":0,"52":6,"53":13},"f":{"0":9,"1":1,"2":8,"3":5,"4":5,"5":0,"6":1,"7":1,"8":0,"9":1,"10":1,"11":0,"12":7,"13":1,"14":6},"b":{"0":[8,0],"1":[7,1],"2":[1,0],"3":[1,4],"4":[1,4],"5":[2,3],"6":[1,2],"7":[2,0],"8":[6,0],"9":[6,0],"10":[0,0]},"_coverageSchema":"1a1c01bbd47fc00a2c39e90264f33305004495a9","hash":"796ac1e42ad37a753ef150c20e0638d6d1435105"}
,"/Users/bimakrishna/Desktop/Final Project/guru-private-server/controllers/teacherController.js": {"path":"/Users/bimakrishna/Desktop/Final Project/guru-private-server/controllers/teacherController.js","statementMap":{"0":{"start":{"line":1,"column":20},"end":{"line":1,"column":46}},"1":{"start":{"line":2,"column":43},"end":{"line":2,"column":79}},"2":{"start":{"line":3,"column":39},"end":{"line":3,"column":70}},"3":{"start":{"line":7,"column":8},"end":{"line":30,"column":9}},"4":{"start":{"line":8,"column":126},"end":{"line":8,"column":134}},"5":{"start":{"line":9,"column":31},"end":{"line":11,"column":14}},"6":{"start":{"line":12,"column":12},"end":{"line":26,"column":14}},"7":{"start":{"line":29,"column":12},"end":{"line":29,"column":21}},"8":{"start":{"line":34,"column":8},"end":{"line":61,"column":9}},"9":{"start":{"line":35,"column":40},"end":{"line":35,"column":48}},"10":{"start":{"line":36,"column":25},"end":{"line":40,"column":14}},"11":{"start":{"line":41,"column":12},"end":{"line":57,"column":13}},"12":{"start":{"line":42,"column":16},"end":{"line":44,"column":17}},"13":{"start":{"line":47,"column":16},"end":{"line":56,"column":17}},"14":{"start":{"line":48,"column":20},"end":{"line":48,"column":54}},"15":{"start":{"line":51,"column":41},"end":{"line":54,"column":22}},"16":{"start":{"line":55,"column":20},"end":{"line":55,"column":76}},"17":{"start":{"line":60,"column":12},"end":{"line":60,"column":21}},"18":{"start":{"line":65,"column":8},"end":{"line":71,"column":9}},"19":{"start":{"line":66,"column":29},"end":{"line":66,"column":52}},"20":{"start":{"line":67,"column":12},"end":{"line":67,"column":42}},"21":{"start":{"line":70,"column":12},"end":{"line":70,"column":21}},"22":{"start":{"line":75,"column":8},"end":{"line":88,"column":9}},"23":{"start":{"line":76,"column":126},"end":{"line":76,"column":134}},"24":{"start":{"line":77,"column":35},"end":{"line":84,"column":14}},"25":{"start":{"line":85,"column":12},"end":{"line":85,"column":51}},"26":{"start":{"line":87,"column":12},"end":{"line":87,"column":21}},"27":{"start":{"line":92,"column":8},"end":{"line":103,"column":9}},"28":{"start":{"line":93,"column":23},"end":{"line":93,"column":37}},"29":{"start":{"line":94,"column":28},"end":{"line":98,"column":14}},"30":{"start":{"line":99,"column":12},"end":{"line":100,"column":66}},"31":{"start":{"line":99,"column":25},"end":{"line":99,"column":54}},"32":{"start":{"line":100,"column":17},"end":{"line":100,"column":66}},"33":{"start":{"line":102,"column":12},"end":{"line":102,"column":23}},"34":{"start":{"line":107,"column":0},"end":{"line":107,"column":34}}},"fnMap":{"0":{"name":"(anonymous_0)","decl":{"start":{"line":6,"column":4},"end":{"line":6,"column":5}},"loc":{"start":{"line":6,"column":43},"end":{"line":31,"column":5}},"line":6},"1":{"name":"(anonymous_1)","decl":{"start":{"line":33,"column":4},"end":{"line":33,"column":5}},"loc":{"start":{"line":33,"column":40},"end":{"line":62,"column":5}},"line":33},"2":{"name":"(anonymous_2)","decl":{"start":{"line":64,"column":4},"end":{"line":64,"column":5}},"loc":{"start":{"line":64,"column":42},"end":{"line":72,"column":5}},"line":64},"3":{"name":"(anonymous_3)","decl":{"start":{"line":74,"column":4},"end":{"line":74,"column":5}},"loc":{"start":{"line":74,"column":46},"end":{"line":89,"column":5}},"line":74},"4":{"name":"(anonymous_4)","decl":{"start":{"line":91,"column":4},"end":{"line":91,"column":5}},"loc":{"start":{"line":91,"column":48},"end":{"line":104,"column":5}},"line":91}},"branchMap":{"0":{"loc":{"start":{"line":41,"column":12},"end":{"line":57,"column":13}},"type":"if","locations":[{"start":{"line":41,"column":12},"end":{"line":57,"column":13}},{"start":{"line":41,"column":12},"end":{"line":57,"column":13}}],"line":41},"1":{"loc":{"start":{"line":47,"column":16},"end":{"line":56,"column":17}},"type":"if","locations":[{"start":{"line":47,"column":16},"end":{"line":56,"column":17}},{"start":{"line":47,"column":16},"end":{"line":56,"column":17}}],"line":47},"2":{"loc":{"start":{"line":99,"column":12},"end":{"line":100,"column":66}},"type":"if","locations":[{"start":{"line":99,"column":12},"end":{"line":100,"column":66}},{"start":{"line":99,"column":12},"end":{"line":100,"column":66}}],"line":99}},"s":{"0":13,"1":13,"2":13,"3":14,"4":14,"5":14,"6":1,"7":13,"8":5,"9":5,"10":5,"11":5,"12":2,"13":3,"14":2,"15":1,"16":1,"17":4,"18":1,"19":1,"20":1,"21":0,"22":12,"23":12,"24":12,"25":1,"26":11,"27":1,"28":1,"29":1,"30":1,"31":1,"32":0,"33":0,"34":13},"f":{"0":14,"1":5,"2":1,"3":12,"4":1},"b":{"0":[2,3],"1":[2,1],"2":[1,0]},"_coverageSchema":"1a1c01bbd47fc00a2c39e90264f33305004495a9","hash":"3e5756bd37bf49f72d7e2b43851bb0eab88aa340"}
,"/Users/bimakrishna/Desktop/Final Project/guru-private-server/helpers/jwtHelper.js": {"path":"/Users/bimakrishna/Desktop/Final Project/guru-private-server/helpers/jwtHelper.js","statementMap":{"0":{"start":{"line":1,"column":12},"end":{"line":1,"column":35}},"1":{"start":{"line":4,"column":4},"end":{"line":4,"column":36}},"2":{"start":{"line":8,"column":4},"end":{"line":8,"column":37}},"3":{"start":{"line":11,"column":0},"end":{"line":11,"column":44}}},"fnMap":{"0":{"name":"generateToken","decl":{"start":{"line":3,"column":9},"end":{"line":3,"column":22}},"loc":{"start":{"line":3,"column":31},"end":{"line":5,"column":1}},"line":3},"1":{"name":"verifyToken","decl":{"start":{"line":7,"column":9},"end":{"line":7,"column":20}},"loc":{"start":{"line":7,"column":27},"end":{"line":9,"column":1}},"line":7}},"branchMap":{},"s":{"0":13,"1":11,"2":26,"3":13},"f":{"0":11,"1":26},"b":{},"_coverageSchema":"1a1c01bbd47fc00a2c39e90264f33305004495a9","hash":"5427df8747d5e0d41b0a76151fc812182c08875a"}
,"/Users/bimakrishna/Desktop/Final Project/guru-private-server/helpers/passwordHelper.js": {"path":"/Users/bimakrishna/Desktop/Final Project/guru-private-server/helpers/passwordHelper.js","statementMap":{"0":{"start":{"line":1,"column":15},"end":{"line":1,"column":34}},"1":{"start":{"line":4,"column":15},"end":{"line":4,"column":37}},"2":{"start":{"line":5,"column":15},"end":{"line":5,"column":42}},"3":{"start":{"line":6,"column":2},"end":{"line":6,"column":13}},"4":{"start":{"line":10,"column":2},"end":{"line":10,"column":43}},"5":{"start":{"line":13,"column":0},"end":{"line":13,"column":51}}},"fnMap":{"0":{"name":"generatePassword","decl":{"start":{"line":3,"column":9},"end":{"line":3,"column":25}},"loc":{"start":{"line":3,"column":33},"end":{"line":7,"column":1}},"line":3},"1":{"name":"verifyPassword","decl":{"start":{"line":9,"column":9},"end":{"line":9,"column":23}},"loc":{"start":{"line":9,"column":41},"end":{"line":11,"column":1}},"line":9}},"branchMap":{},"s":{"0":13,"1":68,"2":68,"3":68,"4":8,"5":13},"f":{"0":68,"1":8},"b":{},"_coverageSchema":"1a1c01bbd47fc00a2c39e90264f33305004495a9","hash":"93e0e43924d1dc2bf2add1b03651cccc5b484dc0"}
,"/Users/bimakrishna/Desktop/Final Project/guru-private-server/middleware/authStudent.js": {"path":"/Users/bimakrishna/Desktop/Final Project/guru-private-server/middleware/authStudent.js","statementMap":{"0":{"start":{"line":2,"column":24},"end":{"line":2,"column":55}},"1":{"start":{"line":3,"column":20},"end":{"line":3,"column":40}},"2":{"start":{"line":5,"column":0},"end":{"line":33,"column":1}},"3":{"start":{"line":6,"column":2},"end":{"line":32,"column":3}},"4":{"start":{"line":7,"column":25},"end":{"line":7,"column":49}},"5":{"start":{"line":8,"column":4},"end":{"line":27,"column":5}},"6":{"start":{"line":9,"column":6},"end":{"line":11,"column":31}},"7":{"start":{"line":14,"column":22},"end":{"line":14,"column":47}},"8":{"start":{"line":15,"column":15},"end":{"line":15,"column":25}},"9":{"start":{"line":16,"column":6},"end":{"line":16,"column":32}},"10":{"start":{"line":17,"column":17},"end":{"line":17,"column":57}},"11":{"start":{"line":19,"column":6},"end":{"line":26,"column":7}},"12":{"start":{"line":20,"column":8},"end":{"line":20,"column":14}},"13":{"start":{"line":23,"column":8},"end":{"line":25,"column":39}},"14":{"start":{"line":31,"column":4},"end":{"line":31,"column":15}}},"fnMap":{"0":{"name":"(anonymous_0)","decl":{"start":{"line":5,"column":17},"end":{"line":5,"column":18}},"loc":{"start":{"line":5,"column":41},"end":{"line":33,"column":1}},"line":5}},"branchMap":{"0":{"loc":{"start":{"line":8,"column":4},"end":{"line":27,"column":5}},"type":"if","locations":[{"start":{"line":8,"column":4},"end":{"line":27,"column":5}},{"start":{"line":8,"column":4},"end":{"line":27,"column":5}}],"line":8},"1":{"loc":{"start":{"line":19,"column":6},"end":{"line":26,"column":7}},"type":"if","locations":[{"start":{"line":19,"column":6},"end":{"line":26,"column":7}},{"start":{"line":19,"column":6},"end":{"line":26,"column":7}}],"line":19}},"s":{"0":13,"1":13,"2":13,"3":17,"4":17,"5":17,"6":3,"7":14,"8":14,"9":14,"10":14,"11":14,"12":14,"13":0,"14":3},"f":{"0":17},"b":{"0":[3,14],"1":[14,0]},"_coverageSchema":"1a1c01bbd47fc00a2c39e90264f33305004495a9","hash":"f1cffe7d3e63d3cb2d9d68f3b16a99d9c4e1a0fb"}
,"/Users/bimakrishna/Desktop/Final Project/guru-private-server/middleware/authTeacher.js": {"path":"/Users/bimakrishna/Desktop/Final Project/guru-private-server/middleware/authTeacher.js","statementMap":{"0":{"start":{"line":1,"column":24},"end":{"line":1,"column":55}},"1":{"start":{"line":2,"column":20},"end":{"line":2,"column":46}},"2":{"start":{"line":6,"column":8},"end":{"line":30,"column":11}},"3":{"start":{"line":7,"column":33},"end":{"line":7,"column":57}},"4":{"start":{"line":8,"column":12},"end":{"line":26,"column":13}},"5":{"start":{"line":9,"column":14},"end":{"line":11,"column":39}},"6":{"start":{"line":14,"column":30},"end":{"line":14,"column":55}},"7":{"start":{"line":15,"column":23},"end":{"line":15,"column":33}},"8":{"start":{"line":16,"column":14},"end":{"line":16,"column":40}},"9":{"start":{"line":17,"column":25},"end":{"line":17,"column":65}},"10":{"start":{"line":18,"column":14},"end":{"line":25,"column":15}},"11":{"start":{"line":19,"column":16},"end":{"line":19,"column":22}},"12":{"start":{"line":22,"column":16},"end":{"line":24,"column":47}},"13":{"start":{"line":29,"column":12},"end":{"line":29,"column":23}},"14":{"start":{"line":34,"column":0},"end":{"line":34,"column":28}}},"fnMap":{"0":{"name":"(anonymous_0)","decl":{"start":{"line":5,"column":4},"end":{"line":5,"column":5}},"loc":{"start":{"line":5,"column":38},"end":{"line":31,"column":9}},"line":5}},"branchMap":{"0":{"loc":{"start":{"line":8,"column":12},"end":{"line":26,"column":13}},"type":"if","locations":[{"start":{"line":8,"column":12},"end":{"line":26,"column":13}},{"start":{"line":8,"column":12},"end":{"line":26,"column":13}}],"line":8},"1":{"loc":{"start":{"line":18,"column":14},"end":{"line":25,"column":15}},"type":"if","locations":[{"start":{"line":18,"column":14},"end":{"line":25,"column":15}},{"start":{"line":18,"column":14},"end":{"line":25,"column":15}}],"line":18}},"s":{"0":13,"1":13,"2":12,"3":12,"4":12,"5":0,"6":12,"7":12,"8":12,"9":12,"10":12,"11":12,"12":0,"13":0,"14":13},"f":{"0":12},"b":{"0":[0,12],"1":[12,0]},"_coverageSchema":"1a1c01bbd47fc00a2c39e90264f33305004495a9","hash":"7ac5596603c1cd8feaae034ca2480a03c7822bb7"}
,"/Users/bimakrishna/Desktop/Final Project/guru-private-server/middleware/authorizationOrder.js": {"path":"/Users/bimakrishna/Desktop/Final Project/guru-private-server/middleware/authorizationOrder.js","statementMap":{"0":{"start":{"line":1,"column":16},"end":{"line":1,"column":36}},"1":{"start":{"line":3,"column":0},"end":{"line":19,"column":1}},"2":{"start":{"line":4,"column":2},"end":{"line":18,"column":3}},"3":{"start":{"line":5,"column":20},"end":{"line":10,"column":6}},"4":{"start":{"line":11,"column":4},"end":{"line":15,"column":5}},"5":{"start":{"line":11,"column":17},"end":{"line":11,"column":23}},"6":{"start":{"line":12,"column":9},"end":{"line":15,"column":5}},"7":{"start":{"line":17,"column":4},"end":{"line":17,"column":13}}},"fnMap":{"0":{"name":"(anonymous_0)","decl":{"start":{"line":3,"column":17},"end":{"line":3,"column":18}},"loc":{"start":{"line":3,"column":43},"end":{"line":19,"column":1}},"line":3}},"branchMap":{"0":{"loc":{"start":{"line":11,"column":4},"end":{"line":15,"column":5}},"type":"if","locations":[{"start":{"line":11,"column":4},"end":{"line":15,"column":5}},{"start":{"line":11,"column":4},"end":{"line":15,"column":5}}],"line":11}},"s":{"0":13,"1":13,"2":4,"3":4,"4":4,"5":2,"6":2,"7":2},"f":{"0":4},"b":{"0":[2,2]},"_coverageSchema":"1a1c01bbd47fc00a2c39e90264f33305004495a9","hash":"aae6bbfe017f208bacb4d4e56180125c739e3742"}
,"/Users/bimakrishna/Desktop/Final Project/guru-private-server/middleware/errorhandler.js": {"path":"/Users/bimakrishna/Desktop/Final Project/guru-private-server/middleware/errorhandler.js","statementMap":{"0":{"start":{"line":3,"column":19},"end":{"line":3,"column":36}},"1":{"start":{"line":4,"column":16},"end":{"line":4,"column":54}},"2":{"start":{"line":5,"column":6},"end":{"line":18,"column":7}},"3":{"start":{"line":6,"column":25},"end":{"line":6,"column":59}},"4":{"start":{"line":6,"column":48},"end":{"line":6,"column":57}},"5":{"start":{"line":7,"column":8},"end":{"line":7,"column":47}},"6":{"start":{"line":9,"column":11},"end":{"line":18,"column":7}},"7":{"start":{"line":10,"column":8},"end":{"line":12,"column":11}},"8":{"start":{"line":11,"column":10},"end":{"line":11,"column":33}},"9":{"start":{"line":13,"column":8},"end":{"line":13,"column":29}},"10":{"start":{"line":14,"column":8},"end":{"line":14,"column":21}},"11":{"start":{"line":15,"column":13},"end":{"line":18,"column":7}},"12":{"start":{"line":16,"column":8},"end":{"line":16,"column":41}},"13":{"start":{"line":17,"column":8},"end":{"line":17,"column":21}},"14":{"start":{"line":19,"column":6},"end":{"line":19,"column":48}},"15":{"start":{"line":23,"column":0},"end":{"line":23,"column":30}}},"fnMap":{"0":{"name":"(anonymous_0)","decl":{"start":{"line":2,"column":4},"end":{"line":2,"column":5}},"loc":{"start":{"line":2,"column":39},"end":{"line":20,"column":5}},"line":2},"1":{"name":"(anonymous_1)","decl":{"start":{"line":6,"column":41},"end":{"line":6,"column":42}},"loc":{"start":{"line":6,"column":48},"end":{"line":6,"column":57}},"line":6},"2":{"name":"(anonymous_2)","decl":{"start":{"line":10,"column":29},"end":{"line":10,"column":30}},"loc":{"start":{"line":10,"column":40},"end":{"line":12,"column":9}},"line":10}},"branchMap":{"0":{"loc":{"start":{"line":3,"column":19},"end":{"line":3,"column":36}},"type":"binary-expr","locations":[{"start":{"line":3,"column":19},"end":{"line":3,"column":29}},{"start":{"line":3,"column":33},"end":{"line":3,"column":36}}],"line":3},"1":{"loc":{"start":{"line":4,"column":16},"end":{"line":4,"column":54}},"type":"binary-expr","locations":[{"start":{"line":4,"column":16},"end":{"line":4,"column":27}},{"start":{"line":4,"column":31},"end":{"line":4,"column":54}}],"line":4},"2":{"loc":{"start":{"line":5,"column":6},"end":{"line":18,"column":7}},"type":"if","locations":[{"start":{"line":5,"column":6},"end":{"line":18,"column":7}},{"start":{"line":5,"column":6},"end":{"line":18,"column":7}}],"line":5},"3":{"loc":{"start":{"line":9,"column":11},"end":{"line":18,"column":7}},"type":"if","locations":[{"start":{"line":9,"column":11},"end":{"line":18,"column":7}},{"start":{"line":9,"column":11},"end":{"line":18,"column":7}}],"line":9},"4":{"loc":{"start":{"line":9,"column":15},"end":{"line":9,"column":103}},"type":"binary-expr","locations":[{"start":{"line":9,"column":15},"end":{"line":9,"column":54}},{"start":{"line":9,"column":58},"end":{"line":9,"column":103}}],"line":9},"5":{"loc":{"start":{"line":15,"column":13},"end":{"line":18,"column":7}},"type":"if","locations":[{"start":{"line":15,"column":13},"end":{"line":18,"column":7}},{"start":{"line":15,"column":13},"end":{"line":18,"column":7}}],"line":15}},"s":{"0":54,"1":54,"2":54,"3":1,"4":1,"5":1,"6":53,"7":24,"8":37,"9":24,"10":24,"11":29,"12":4,"13":4,"14":54,"15":13},"f":{"0":54,"1":1,"2":37},"b":{"0":[54,28],"1":[54,4],"2":[1,53],"3":[24,29],"4":[53,30],"5":[4,25]},"_coverageSchema":"1a1c01bbd47fc00a2c39e90264f33305004495a9","hash":"ac84da43155c1db2427e5de3f0d6dddaea0c27fc"}
,"/Users/bimakrishna/Desktop/Final Project/guru-private-server/models/index.js": {"path":"/Users/bimakrishna/Desktop/Final Project/guru-private-server/models/index.js","statementMap":{"0":{"start":{"line":3,"column":11},"end":{"line":3,"column":24}},"1":{"start":{"line":4,"column":13},"end":{"line":4,"column":28}},"2":{"start":{"line":5,"column":18},"end":{"line":5,"column":38}},"3":{"start":{"line":6,"column":17},"end":{"line":6,"column":42}},"4":{"start":{"line":7,"column":12},"end":{"line":7,"column":49}},"5":{"start":{"line":8,"column":15},"end":{"line":8,"column":65}},"6":{"start":{"line":9,"column":11},"end":{"line":9,"column":13}},"7":{"start":{"line":12,"column":0},"end":{"line":16,"column":1}},"8":{"start":{"line":13,"column":2},"end":{"line":13,"column":74}},"9":{"start":{"line":15,"column":2},"end":{"line":15,"column":87}},"10":{"start":{"line":18,"column":0},"end":{"line":26,"column":5}},"11":{"start":{"line":21,"column":4},"end":{"line":21,"column":90}},"12":{"start":{"line":24,"column":18},"end":{"line":24,"column":85}},"13":{"start":{"line":25,"column":4},"end":{"line":25,"column":27}},"14":{"start":{"line":28,"column":0},"end":{"line":32,"column":3}},"15":{"start":{"line":29,"column":2},"end":{"line":31,"column":3}},"16":{"start":{"line":30,"column":4},"end":{"line":30,"column":32}},"17":{"start":{"line":34,"column":0},"end":{"line":34,"column":25}},"18":{"start":{"line":35,"column":0},"end":{"line":35,"column":25}},"19":{"start":{"line":37,"column":0},"end":{"line":37,"column":20}}},"fnMap":{"0":{"name":"(anonymous_0)","decl":{"start":{"line":20,"column":10},"end":{"line":20,"column":11}},"loc":{"start":{"line":20,"column":18},"end":{"line":22,"column":3}},"line":20},"1":{"name":"(anonymous_1)","decl":{"start":{"line":23,"column":11},"end":{"line":23,"column":12}},"loc":{"start":{"line":23,"column":19},"end":{"line":26,"column":3}},"line":23},"2":{"name":"(anonymous_2)","decl":{"start":{"line":28,"column":24},"end":{"line":28,"column":25}},"loc":{"start":{"line":28,"column":37},"end":{"line":32,"column":1}},"line":28}},"branchMap":{"0":{"loc":{"start":{"line":7,"column":12},"end":{"line":7,"column":49}},"type":"binary-expr","locations":[{"start":{"line":7,"column":12},"end":{"line":7,"column":32}},{"start":{"line":7,"column":36},"end":{"line":7,"column":49}}],"line":7},"1":{"loc":{"start":{"line":12,"column":0},"end":{"line":16,"column":1}},"type":"if","locations":[{"start":{"line":12,"column":0},"end":{"line":16,"column":1}},{"start":{"line":12,"column":0},"end":{"line":16,"column":1}}],"line":12},"2":{"loc":{"start":{"line":21,"column":11},"end":{"line":21,"column":89}},"type":"binary-expr","locations":[{"start":{"line":21,"column":12},"end":{"line":21,"column":35}},{"start":{"line":21,"column":41},"end":{"line":21,"column":58}},{"start":{"line":21,"column":64},"end":{"line":21,"column":88}}],"line":21},"3":{"loc":{"start":{"line":29,"column":2},"end":{"line":31,"column":3}},"type":"if","locations":[{"start":{"line":29,"column":2},"end":{"line":31,"column":3}},{"start":{"line":29,"column":2},"end":{"line":31,"column":3}}],"line":29}},"s":{"0":13,"1":13,"2":13,"3":13,"4":13,"5":13,"6":13,"7":13,"8":0,"9":13,"10":13,"11":52,"12":39,"13":39,"14":13,"15":39,"16":39,"17":13,"18":13,"19":13},"f":{"0":52,"1":39,"2":39},"b":{"0":[13,0],"1":[0,13],"2":[52,52,39],"3":[39,0]},"_coverageSchema":"1a1c01bbd47fc00a2c39e90264f33305004495a9","hash":"c1d547b67b3ac4d3eb0ec7715e68bca3e5e33fa4"}
,"/Users/bimakrishna/Desktop/Final Project/guru-private-server/models/order.js": {"path":"/Users/bimakrishna/Desktop/Final Project/guru-private-server/models/order.js","statementMap":{"0":{"start":{"line":4,"column":4},"end":{"line":4,"column":24}},"1":{"start":{"line":5,"column":0},"end":{"line":68,"column":2}},"2":{"start":{"line":14,"column":6},"end":{"line":14,"column":37}},"3":{"start":{"line":15,"column":6},"end":{"line":15,"column":37}},"4":{"start":{"line":18,"column":2},"end":{"line":66,"column":5}},"5":{"start":{"line":60,"column":8},"end":{"line":60,"column":31}},"6":{"start":{"line":61,"column":8},"end":{"line":61,"column":27}},"7":{"start":{"line":67,"column":2},"end":{"line":67,"column":15}}},"fnMap":{"0":{"name":"(anonymous_0)","decl":{"start":{"line":5,"column":17},"end":{"line":5,"column":18}},"loc":{"start":{"line":5,"column":43},"end":{"line":68,"column":1}},"line":5},"1":{"name":"(anonymous_1)","decl":{"start":{"line":12,"column":4},"end":{"line":12,"column":5}},"loc":{"start":{"line":12,"column":29},"end":{"line":16,"column":5}},"line":12},"2":{"name":"(anonymous_2)","decl":{"start":{"line":59,"column":6},"end":{"line":59,"column":7}},"loc":{"start":{"line":59,"column":30},"end":{"line":62,"column":7}},"line":59}},"branchMap":{},"s":{"0":13,"1":13,"2":13,"3":13,"4":13,"5":5,"6":5,"7":13},"f":{"0":13,"1":13,"2":5},"b":{},"_coverageSchema":"1a1c01bbd47fc00a2c39e90264f33305004495a9","hash":"ce7e6fbc7e67ad2c1905426ffe5ef45ffe1a1b6f"}
,"/Users/bimakrishna/Desktop/Final Project/guru-private-server/models/student.js": {"path":"/Users/bimakrishna/Desktop/Final Project/guru-private-server/models/student.js","statementMap":{"0":{"start":{"line":3,"column":42},"end":{"line":3,"column":78}},"1":{"start":{"line":6,"column":4},"end":{"line":6,"column":24}},"2":{"start":{"line":7,"column":0},"end":{"line":91,"column":2}},"3":{"start":{"line":16,"column":6},"end":{"line":16,"column":35}},"4":{"start":{"line":19,"column":2},"end":{"line":85,"column":5}},"5":{"start":{"line":87,"column":2},"end":{"line":89,"column":5}},"6":{"start":{"line":88,"column":4},"end":{"line":88,"column":59}},"7":{"start":{"line":90,"column":2},"end":{"line":90,"column":17}}},"fnMap":{"0":{"name":"(anonymous_0)","decl":{"start":{"line":7,"column":17},"end":{"line":7,"column":18}},"loc":{"start":{"line":7,"column":43},"end":{"line":91,"column":1}},"line":7},"1":{"name":"(anonymous_1)","decl":{"start":{"line":14,"column":4},"end":{"line":14,"column":5}},"loc":{"start":{"line":14,"column":29},"end":{"line":17,"column":5}},"line":14},"2":{"name":"(anonymous_2)","decl":{"start":{"line":87,"column":23},"end":{"line":87,"column":24}},"loc":{"start":{"line":87,"column":46},"end":{"line":89,"column":4}},"line":87}},"branchMap":{},"s":{"0":13,"1":13,"2":13,"3":13,"4":13,"5":13,"6":12,"7":13},"f":{"0":13,"1":13,"2":12},"b":{},"_coverageSchema":"1a1c01bbd47fc00a2c39e90264f33305004495a9","hash":"8663b4514232125eef6c116b8486d853fba6bc9d"}
,"/Users/bimakrishna/Desktop/Final Project/guru-private-server/models/teacher.js": {"path":"/Users/bimakrishna/Desktop/Final Project/guru-private-server/models/teacher.js","statementMap":{"0":{"start":{"line":4,"column":4},"end":{"line":4,"column":24}},"1":{"start":{"line":6,"column":29},"end":{"line":6,"column":65}},"2":{"start":{"line":9,"column":0},"end":{"line":154,"column":2}},"3":{"start":{"line":18,"column":6},"end":{"line":18,"column":35}},"4":{"start":{"line":21,"column":2},"end":{"line":152,"column":5}},"5":{"start":{"line":147,"column":9},"end":{"line":147,"column":62}},"6":{"start":{"line":153,"column":2},"end":{"line":153,"column":17}}},"fnMap":{"0":{"name":"(anonymous_0)","decl":{"start":{"line":9,"column":17},"end":{"line":9,"column":18}},"loc":{"start":{"line":9,"column":43},"end":{"line":154,"column":1}},"line":9},"1":{"name":"(anonymous_1)","decl":{"start":{"line":16,"column":4},"end":{"line":16,"column":5}},"loc":{"start":{"line":16,"column":29},"end":{"line":19,"column":5}},"line":16},"2":{"name":"(anonymous_2)","decl":{"start":{"line":146,"column":6},"end":{"line":146,"column":7}},"loc":{"start":{"line":146,"column":28},"end":{"line":148,"column":7}},"line":146}},"branchMap":{},"s":{"0":13,"1":13,"2":13,"3":13,"4":13,"5":10,"6":13},"f":{"0":13,"1":13,"2":10},"b":{},"_coverageSchema":"1a1c01bbd47fc00a2c39e90264f33305004495a9","hash":"fd936754d47deb9737cd75337ef89e4a42463bf5"}
,"/Users/bimakrishna/Desktop/Final Project/guru-private-server/routes/index.js": {"path":"/Users/bimakrishna/Desktop/Final Project/guru-private-server/routes/index.js","statementMap":{"0":{"start":{"line":1,"column":15},"end":{"line":1,"column":42}},"1":{"start":{"line":2,"column":22},"end":{"line":2,"column":43}},"2":{"start":{"line":3,"column":22},"end":{"line":3,"column":43}},"3":{"start":{"line":4,"column":20},"end":{"line":4,"column":39}},"4":{"start":{"line":6,"column":0},"end":{"line":6,"column":38}},"5":{"start":{"line":7,"column":0},"end":{"line":7,"column":38}},"6":{"start":{"line":8,"column":0},"end":{"line":8,"column":34}},"7":{"start":{"line":10,"column":0},"end":{"line":10,"column":23}}},"fnMap":{},"branchMap":{},"s":{"0":13,"1":13,"2":13,"3":13,"4":13,"5":13,"6":13,"7":13},"f":{},"b":{},"_coverageSchema":"1a1c01bbd47fc00a2c39e90264f33305004495a9","hash":"f698c2ab5eb8e6dc6470e04d753768c1147d8c7e"}
,"/Users/bimakrishna/Desktop/Final Project/guru-private-server/routes/orders.js": {"path":"/Users/bimakrishna/Desktop/Final Project/guru-private-server/routes/orders.js","statementMap":{"0":{"start":{"line":1,"column":15},"end":{"line":1,"column":42}},"1":{"start":{"line":2,"column":24},"end":{"line":2,"column":65}},"2":{"start":{"line":3,"column":20},"end":{"line":3,"column":56}},"3":{"start":{"line":4,"column":27},"end":{"line":4,"column":70}},"4":{"start":{"line":6,"column":0},"end":{"line":6,"column":45}},"5":{"start":{"line":7,"column":0},"end":{"line":7,"column":45}},"6":{"start":{"line":9,"column":0},"end":{"line":9,"column":23}},"7":{"start":{"line":10,"column":0},"end":{"line":10,"column":48}},"8":{"start":{"line":13,"column":0},"end":{"line":13,"column":37}},"9":{"start":{"line":14,"column":0},"end":{"line":14,"column":51}},"10":{"start":{"line":15,"column":0},"end":{"line":15,"column":50}},"11":{"start":{"line":17,"column":0},"end":{"line":17,"column":23}}},"fnMap":{},"branchMap":{},"s":{"0":13,"1":13,"2":13,"3":13,"4":13,"5":13,"6":13,"7":13,"8":13,"9":13,"10":13,"11":13},"f":{},"b":{},"_coverageSchema":"1a1c01bbd47fc00a2c39e90264f33305004495a9","hash":"cc6edec321aa47e611ecaf6e4c491bb15eb10345"}
,"/Users/bimakrishna/Desktop/Final Project/guru-private-server/routes/students.js": {"path":"/Users/bimakrishna/Desktop/Final Project/guru-private-server/routes/students.js","statementMap":{"0":{"start":{"line":1,"column":26},"end":{"line":1,"column":69}},"1":{"start":{"line":2,"column":15},"end":{"line":2,"column":42}},"2":{"start":{"line":3,"column":20},"end":{"line":3,"column":56}},"3":{"start":{"line":6,"column":0},"end":{"line":6,"column":42}},"4":{"start":{"line":7,"column":0},"end":{"line":7,"column":52}},"5":{"start":{"line":8,"column":0},"end":{"line":8,"column":46}},"6":{"start":{"line":10,"column":0},"end":{"line":10,"column":52}},"7":{"start":{"line":11,"column":0},"end":{"line":11,"column":23}},"8":{"start":{"line":12,"column":0},"end":{"line":12,"column":49}},"9":{"start":{"line":17,"column":0},"end":{"line":17,"column":23}}},"fnMap":{},"branchMap":{},"s":{"0":13,"1":13,"2":13,"3":13,"4":13,"5":13,"6":13,"7":13,"8":13,"9":13},"f":{},"b":{},"_coverageSchema":"1a1c01bbd47fc00a2c39e90264f33305004495a9","hash":"7c958cff0b30050d811ef3a5cdfcb11e17879e7e"}
,"/Users/bimakrishna/Desktop/Final Project/guru-private-server/routes/teachers.js": {"path":"/Users/bimakrishna/Desktop/Final Project/guru-private-server/routes/teachers.js","statementMap":{"0":{"start":{"line":1,"column":15},"end":{"line":1,"column":42}},"1":{"start":{"line":2,"column":26},"end":{"line":2,"column":69}},"2":{"start":{"line":3,"column":20},"end":{"line":3,"column":56}},"3":{"start":{"line":5,"column":0},"end":{"line":5,"column":43}},"4":{"start":{"line":6,"column":0},"end":{"line":6,"column":52}},"5":{"start":{"line":7,"column":0},"end":{"line":7,"column":46}},"6":{"start":{"line":8,"column":0},"end":{"line":8,"column":52}},"7":{"start":{"line":10,"column":0},"end":{"line":10,"column":28}},"8":{"start":{"line":11,"column":0},"end":{"line":11,"column":49}},"9":{"start":{"line":13,"column":0},"end":{"line":13,"column":23}}},"fnMap":{},"branchMap":{},"s":{"0":13,"1":13,"2":13,"3":13,"4":13,"5":13,"6":13,"7":13,"8":13,"9":13},"f":{},"b":{},"_coverageSchema":"1a1c01bbd47fc00a2c39e90264f33305004495a9","hash":"7779f4e11065f25b4ac8445e0859a033961cf08d"}
}
