TN:
SF:app.js
FNF:0
FNH:0
DA:1,15
DA:2,15
DA:5,15
DA:6,15
DA:7,15
DA:8,15
DA:9,15
DA:11,15
DA:12,15
DA:13,15
DA:14,15
DA:15,15
DA:17,15
LF:13
LH:13
BRDA:1,0,0,15
BRDA:1,0,1,0
BRF:2
BRH:1
end_of_record
TN:
SF:controllers/orderController.js
FN:6,(anonymous_0)
FN:11,(anonymous_1)
FN:40,(anonymous_2)
FN:49,(anonymous_3)
FN:62,(anonymous_4)
FN:112,(anonymous_5)
FN:121,(anonymous_6)
FN:132,(anonymous_7)
FN:135,(anonymous_8)
FNF:9
FNH:9
FNDA:3,(anonymous_0)
FNDA:1,(anonymous_1)
FNDA:1,(anonymous_2)
FNDA:2,(anonymous_3)
FNDA:1,(anonymous_4)
FNDA:1,(anonymous_5)
FNDA:2,(anonymous_6)
FNDA:2,(anonymous_7)
FNDA:1,(anonymous_8)
DA:1,15
DA:2,15
DA:3,15
DA:7,3
DA:8,3
DA:9,3
DA:10,2
DA:11,2
DA:12,2
DA:13,0
DA:15,2
DA:23,2
DA:24,1
DA:26,1
DA:31,2
DA:32,1
DA:37,1
DA:41,1
DA:42,1
DA:43,1
DA:45,0
DA:50,2
DA:51,2
DA:52,2
DA:53,1
DA:58,1
DA:63,1
DA:64,1
DA:65,1
DA:66,1
DA:70,1
DA:71,1
DA:100,1
DA:105,1
DA:106,0
DA:109,1
DA:113,1
DA:114,1
DA:115,1
DA:117,0
DA:122,2
DA:123,2
DA:124,2
DA:125,2
DA:126,2
DA:127,2
DA:128,1
DA:129,1
DA:130,1
DA:131,1
DA:132,2
DA:133,1
DA:134,1
DA:135,1
DA:136,1
DA:138,1
DA:139,1
DA:140,1
DA:141,1
DA:145,1
DA:148,1
DA:153,15
LF:62
LH:58
BRDA:9,0,0,2
BRDA:9,0,1,1
BRDA:12,1,0,0
BRDA:12,1,1,2
BRDA:12,2,0,2
BRDA:12,2,1,2
BRDA:31,3,0,1
BRDA:31,3,1,1
BRDA:52,4,0,1
BRDA:52,4,1,1
BRDA:65,5,0,1
BRDA:65,5,1,0
BRDA:106,6,0,0
BRDA:106,6,1,0
BRDA:106,7,0,0
BRDA:106,7,1,0
BRDA:126,8,0,2
BRDA:126,8,1,0
BRDA:127,9,0,1
BRDA:127,9,1,1
BRDA:131,10,0,1
BRDA:131,10,1,0
BRDA:131,11,0,1
BRDA:131,11,1,1
BRDA:133,12,0,1
BRDA:133,12,1,0
BRDA:140,13,0,1
BRDA:140,13,1,0
BRDA:140,14,0,1
BRDA:140,14,1,1
BRF:30
BRH:20
end_of_record
TN:
SF:controllers/studentController.js
FN:7,(anonymous_0)
FN:10,(anonymous_1)
FN:13,(anonymous_2)
FN:30,(anonymous_3)
FN:36,(anonymous_4)
FN:48,(anonymous_5)
FN:53,(anonymous_6)
FN:55,(anonymous_7)
FN:58,(anonymous_8)
FN:63,(anonymous_9)
FN:66,(anonymous_10)
FN:69,(anonymous_11)
FN:74,(anonymous_12)
FN:86,(anonymous_13)
FN:89,(anonymous_14)
FNF:15
FNH:12
FNDA:9,(anonymous_0)
FNDA:1,(anonymous_1)
FNDA:8,(anonymous_2)
FNDA:5,(anonymous_3)
FNDA:5,(anonymous_4)
FNDA:0,(anonymous_5)
FNDA:1,(anonymous_6)
FNDA:1,(anonymous_7)
FNDA:0,(anonymous_8)
FNDA:1,(anonymous_9)
FNDA:1,(anonymous_10)
FNDA:0,(anonymous_11)
FNDA:7,(anonymous_12)
FNDA:1,(anonymous_13)
FNDA:6,(anonymous_14)
DA:1,15
DA:2,15
DA:3,15
DA:4,15
DA:8,9
DA:9,9
DA:11,1
DA:14,8
DA:15,8
DA:16,7
DA:17,7
DA:18,8
DA:20,7
DA:22,1
DA:23,1
DA:25,8
DA:31,5
DA:32,5
DA:33,5
DA:34,5
DA:35,5
DA:37,5
DA:38,2
DA:40,3
DA:41,1
DA:42,1
DA:44,2
DA:45,2
DA:49,0
DA:54,1
DA:56,1
DA:59,0
DA:64,1
DA:65,1
DA:67,1
DA:70,0
DA:75,7
DA:76,7
DA:85,7
DA:87,1
DA:90,6
DA:91,6
DA:92,6
DA:93,6
DA:94,7
DA:96,6
DA:98,0
DA:99,0
DA:101,6
DA:107,15
LF:50
LH:45
BRDA:14,0,0,8
BRDA:14,0,1,0
BRDA:15,1,0,7
BRDA:15,1,1,1
BRDA:22,2,0,1
BRDA:22,2,1,0
BRDA:33,3,0,1
BRDA:33,3,1,4
BRDA:34,4,0,1
BRDA:34,4,1,4
BRDA:37,5,0,2
BRDA:37,5,1,3
BRDA:40,6,0,1
BRDA:40,6,1,2
BRDA:44,7,0,2
BRDA:44,7,1,0
BRDA:90,8,0,6
BRDA:90,8,1,0
BRDA:91,9,0,6
BRDA:91,9,1,0
BRDA:98,10,0,0
BRDA:98,10,1,0
BRF:22
BRH:15
end_of_record
TN:
SF:controllers/teacherController.js
FN:6,(anonymous_0)
FN:33,(anonymous_1)
FN:64,(anonymous_2)
FN:74,(anonymous_3)
FN:91,(anonymous_4)
FN:106,(anonymous_5)
FNF:6
FNH:6
FNDA:14,(anonymous_0)
FNDA:5,(anonymous_1)
FNDA:1,(anonymous_2)
FNDA:12,(anonymous_3)
FNDA:1,(anonymous_4)
FNDA:1,(anonymous_5)
DA:1,15
DA:2,15
DA:3,15
DA:7,14
DA:8,14
DA:9,14
DA:12,1
DA:29,13
DA:34,5
DA:35,5
DA:36,5
DA:41,5
DA:42,2
DA:47,3
DA:48,2
DA:51,1
DA:55,1
DA:60,4
DA:65,1
DA:66,1
DA:67,1
DA:70,0
DA:75,12
DA:76,12
DA:77,12
DA:85,1
DA:87,11
DA:92,1
DA:93,1
DA:94,1
DA:99,1
DA:100,0
DA:102,0
DA:107,1
DA:108,1
DA:109,1
DA:110,1
DA:111,1
DA:112,1
DA:113,1
DA:116,0
DA:121,15
LF:42
LH:38
BRDA:41,0,0,2
BRDA:41,0,1,3
BRDA:47,1,0,2
BRDA:47,1,1,1
BRDA:99,2,0,1
BRDA:99,2,1,0
BRDA:111,3,0,1
BRDA:111,3,1,0
BRF:8
BRH:6
end_of_record
TN:
SF:helpers/jwtHelper.js
FN:3,generateToken
FN:7,verifyToken
FNF:2
FNH:2
FNDA:15,generateToken
FNDA:30,verifyToken
DA:1,15
DA:4,15
DA:8,30
DA:11,15
LF:4
LH:4
BRF:0
BRH:0
end_of_record
TN:
SF:helpers/passwordHelper.js
FN:3,generatePassword
FN:9,verifyPassword
FNF:2
FNH:2
FNDA:78,generatePassword
FNDA:8,verifyPassword
DA:1,15
DA:4,78
DA:5,78
DA:6,78
DA:10,8
DA:13,15
LF:6
LH:6
BRF:0
BRH:0
end_of_record
TN:
SF:middleware/authStudent.js
FN:5,(anonymous_0)
FNF:1
FNH:1
FNDA:21,(anonymous_0)
DA:2,15
DA:3,15
DA:5,15
DA:6,21
DA:7,21
DA:8,21
DA:9,4
DA:14,17
DA:15,17
DA:16,17
DA:17,17
DA:19,17
DA:20,17
DA:23,0
DA:31,4
LF:15
LH:14
BRDA:8,0,0,4
BRDA:8,0,1,17
BRDA:19,1,0,17
BRDA:19,1,1,0
BRF:4
BRH:3
end_of_record
TN:
SF:middleware/authTeacher.js
FN:5,(anonymous_0)
FNF:1
FNH:1
FNDA:14,(anonymous_0)
DA:1,15
DA:2,15
DA:6,14
DA:7,14
DA:8,14
DA:9,1
DA:14,13
DA:15,13
DA:16,13
DA:17,13
DA:18,13
DA:19,13
DA:22,0
DA:29,1
DA:34,15
LF:15
LH:14
BRDA:8,0,0,1
BRDA:8,0,1,13
BRDA:18,1,0,13
BRDA:18,1,1,0
BRF:4
BRH:3
end_of_record
TN:
SF:middleware/authorizationOrder.js
FN:3,(anonymous_0)
FNF:1
FNH:1
FNDA:7,(anonymous_0)
DA:1,15
DA:3,15
DA:4,7
DA:5,7
DA:11,7
DA:12,3
DA:17,3
LF:7
LH:7
BRDA:11,0,0,4
BRDA:11,0,1,3
BRF:2
BRH:2
end_of_record
TN:
SF:middleware/errorhandler.js
FN:2,(anonymous_0)
FN:6,(anonymous_1)
FN:10,(anonymous_2)
FNF:3
FNH:3
FNDA:59,(anonymous_0)
FNDA:1,(anonymous_1)
FNDA:37,(anonymous_2)
DA:3,59
DA:4,59
DA:5,59
DA:6,1
DA:7,1
DA:9,58
DA:10,24
DA:11,37
DA:13,24
DA:14,24
DA:15,34
DA:16,4
DA:17,4
DA:19,59
DA:23,15
LF:15
LH:15
BRDA:3,0,0,59
BRDA:3,0,1,29
BRDA:4,1,0,59
BRDA:4,1,1,4
BRDA:5,2,0,1
BRDA:5,2,1,58
BRDA:9,3,0,24
BRDA:9,3,1,34
BRDA:9,4,0,58
BRDA:9,4,1,35
BRDA:15,5,0,4
BRDA:15,5,1,30
BRF:12
BRH:12
end_of_record
TN:
SF:models/index.js
FN:20,(anonymous_0)
FN:23,(anonymous_1)
FN:28,(anonymous_2)
FNF:3
FNH:3
FNDA:60,(anonymous_0)
FNDA:45,(anonymous_1)
FNDA:45,(anonymous_2)
DA:3,15
DA:4,15
DA:5,15
DA:6,15
DA:7,15
DA:8,15
DA:9,15
DA:12,15
DA:13,0
DA:15,15
DA:18,15
DA:21,60
DA:24,45
DA:25,45
DA:28,15
DA:29,45
DA:30,45
DA:34,15
DA:35,15
DA:37,15
LF:20
LH:19
BRDA:7,0,0,15
BRDA:7,0,1,0
BRDA:12,1,0,0
BRDA:12,1,1,15
BRDA:21,2,0,60
BRDA:21,2,1,60
BRDA:21,2,2,45
BRDA:29,3,0,45
BRDA:29,3,1,0
BRF:9
BRH:6
end_of_record
TN:
SF:models/order.js
FN:5,(anonymous_0)
FN:12,(anonymous_1)
FN:54,(anonymous_2)
FN:62,(anonymous_3)
FNF:4
FNH:4
FNDA:15,(anonymous_0)
FNDA:15,(anonymous_1)
FNDA:8,(anonymous_2)
FNDA:7,(anonymous_3)
DA:4,15
DA:5,15
DA:14,15
DA:15,15
DA:18,15
DA:55,8
DA:63,7
DA:64,7
DA:70,15
LF:9
LH:9
BRDA:55,0,0,0
BRDA:55,0,1,8
BRF:2
BRH:1
end_of_record
TN:
SF:models/student.js
FN:7,(anonymous_0)
FN:14,(anonymous_1)
FN:87,(anonymous_2)
FNF:3
FNH:3
FNDA:15,(anonymous_0)
FNDA:15,(anonymous_1)
FNDA:14,(anonymous_2)
DA:3,15
DA:6,15
DA:7,15
DA:16,15
DA:19,15
DA:87,15
DA:88,14
DA:90,15
LF:8
LH:8
BRF:0
BRH:0
end_of_record
TN:
SF:models/teacher.js
FN:9,(anonymous_0)
FN:16,(anonymous_1)
FN:146,(anonymous_2)
FNF:3
FNH:3
FNDA:15,(anonymous_0)
FNDA:15,(anonymous_1)
FNDA:13,(anonymous_2)
DA:4,15
DA:6,15
DA:9,15
DA:18,15
DA:21,15
DA:147,13
DA:148,13
DA:149,13
DA:150,13
DA:156,15
LF:10
LH:10
BRF:0
BRH:0
end_of_record
TN:
SF:routes/index.js
FNF:0
FNH:0
DA:1,15
DA:2,15
DA:3,15
DA:4,15
DA:6,15
DA:7,15
DA:8,15
DA:10,15
LF:8
LH:8
BRF:0
BRH:0
end_of_record
TN:
SF:routes/orders.js
FNF:0
FNH:0
DA:1,15
DA:2,15
DA:3,15
DA:4,15
DA:6,15
DA:7,15
DA:9,15
DA:10,15
DA:13,15
DA:14,15
DA:15,15
DA:16,15
DA:18,15
LF:13
LH:13
BRF:0
BRH:0
end_of_record
TN:
SF:routes/students.js
FNF:0
FNH:0
DA:1,15
DA:2,15
DA:3,15
DA:6,15
DA:7,15
DA:8,15
DA:10,15
DA:11,15
DA:12,15
DA:17,15
LF:10
LH:10
BRF:0
BRH:0
end_of_record
TN:
SF:routes/teachers.js
FNF:0
FNH:0
DA:1,15
DA:2,15
DA:3,15
DA:5,15
DA:6,15
DA:7,15
DA:8,15
DA:10,15
DA:11,15
DA:12,15
DA:14,15
LF:11
LH:11
BRF:0
BRH:0
end_of_record
