TN:
SF:app.js
FNF:0
FNH:0
DA:1,13
DA:2,13
DA:5,13
DA:6,13
DA:7,13
DA:8,13
DA:9,13
DA:11,13
DA:12,13
DA:13,13
DA:14,13
DA:15,13
DA:17,13
LF:13
LH:13
BRDA:1,0,0,13
BRDA:1,0,1,0
BRF:2
BRH:1
end_of_record
TN:
SF:controllers/orderController.js
FN:6,(anonymous_0)
FN:34,(anonymous_1)
FN:43,(anonymous_2)
FN:56,(anonymous_3)
FN:106,(anonymous_4)
FNF:5
FNH:5
FNDA:3,(anonymous_0)
FNDA:1,(anonymous_1)
FNDA:2,(anonymous_2)
FNDA:1,(anonymous_3)
FNDA:1,(anonymous_4)
DA:1,13
DA:2,13
DA:3,13
DA:7,3
DA:8,3
DA:9,3
DA:10,2
DA:18,2
DA:19,1
DA:20,1
DA:25,2
DA:26,1
DA:31,1
DA:35,1
DA:36,1
DA:37,1
DA:39,0
DA:44,2
DA:45,2
DA:46,2
DA:47,1
DA:52,1
DA:57,1
DA:58,1
DA:59,1
DA:60,1
DA:64,1
DA:65,1
DA:94,1
DA:99,1
DA:100,0
DA:103,1
DA:107,1
DA:108,1
DA:109,1
DA:111,0
DA:116,13
LF:37
LH:34
BRDA:9,0,0,2
BRDA:9,0,1,1
BRDA:25,1,0,1
BRDA:25,1,1,1
BRDA:46,2,0,1
BRDA:46,2,1,1
BRDA:59,3,0,1
BRDA:59,3,1,0
BRDA:100,4,0,0
BRDA:100,4,1,0
BRDA:100,5,0,0
BRDA:100,5,1,0
BRF:12
BRH:7
end_of_record
TN:
SF:controllers/studentController.js
FN:7,(anonymous_0)
FN:10,(anonymous_1)
FN:13,(anonymous_2)
FN:30,(anonymous_3)
FN:36,(anonymous_4)
FN:48,(anonymous_5)
FN:53,(anonymous_6)
FN:55,(anonymous_7)
FN:58,(anonymous_8)
FN:63,(anonymous_9)
FN:66,(anonymous_10)
FN:69,(anonymous_11)
FN:74,(anonymous_12)
FN:86,(anonymous_13)
FN:89,(anonymous_14)
FNF:15
FNH:12
FNDA:9,(anonymous_0)
FNDA:1,(anonymous_1)
FNDA:8,(anonymous_2)
FNDA:5,(anonymous_3)
FNDA:5,(anonymous_4)
FNDA:0,(anonymous_5)
FNDA:1,(anonymous_6)
FNDA:1,(anonymous_7)
FNDA:0,(anonymous_8)
FNDA:1,(anonymous_9)
FNDA:1,(anonymous_10)
FNDA:0,(anonymous_11)
FNDA:7,(anonymous_12)
FNDA:1,(anonymous_13)
FNDA:6,(anonymous_14)
DA:1,13
DA:2,13
DA:3,13
DA:4,13
DA:8,9
DA:9,9
DA:11,1
DA:14,8
DA:15,8
DA:16,7
DA:17,7
DA:18,8
DA:20,7
DA:22,1
DA:23,1
DA:25,8
DA:31,5
DA:32,5
DA:33,5
DA:34,5
DA:35,5
DA:37,5
DA:38,2
DA:40,3
DA:41,1
DA:42,1
DA:44,2
DA:45,2
DA:49,0
DA:54,1
DA:56,1
DA:59,0
DA:64,1
DA:65,1
DA:67,1
DA:70,0
DA:75,7
DA:76,7
DA:85,7
DA:87,1
DA:90,6
DA:91,6
DA:92,6
DA:93,6
DA:94,7
DA:96,6
DA:98,0
DA:99,0
DA:101,6
DA:107,13
LF:50
LH:45
BRDA:14,0,0,8
BRDA:14,0,1,0
BRDA:15,1,0,7
BRDA:15,1,1,1
BRDA:22,2,0,1
BRDA:22,2,1,0
BRDA:33,3,0,1
BRDA:33,3,1,4
BRDA:34,4,0,1
BRDA:34,4,1,4
BRDA:37,5,0,2
BRDA:37,5,1,3
BRDA:40,6,0,1
BRDA:40,6,1,2
BRDA:44,7,0,2
BRDA:44,7,1,0
BRDA:90,8,0,6
BRDA:90,8,1,0
BRDA:91,9,0,6
BRDA:91,9,1,0
BRDA:98,10,0,0
BRDA:98,10,1,0
BRF:22
BRH:15
end_of_record
TN:
SF:controllers/teacherController.js
FN:6,(anonymous_0)
FN:33,(anonymous_1)
FN:64,(anonymous_2)
FN:74,(anonymous_3)
FN:91,(anonymous_4)
FNF:5
FNH:5
FNDA:14,(anonymous_0)
FNDA:5,(anonymous_1)
FNDA:1,(anonymous_2)
FNDA:12,(anonymous_3)
FNDA:1,(anonymous_4)
DA:1,13
DA:2,13
DA:3,13
DA:7,14
DA:8,14
DA:9,14
DA:12,1
DA:29,13
DA:34,5
DA:35,5
DA:36,5
DA:41,5
DA:42,2
DA:47,3
DA:48,2
DA:51,1
DA:55,1
DA:60,4
DA:65,1
DA:66,1
DA:67,1
DA:70,0
DA:75,12
DA:76,12
DA:77,12
DA:85,1
DA:87,11
DA:92,1
DA:93,1
DA:94,1
DA:99,1
DA:100,0
DA:102,0
DA:107,13
LF:34
LH:31
BRDA:41,0,0,2
BRDA:41,0,1,3
BRDA:47,1,0,2
BRDA:47,1,1,1
BRDA:99,2,0,1
BRDA:99,2,1,0
BRF:6
BRH:5
end_of_record
TN:
SF:helpers/jwtHelper.js
FN:3,generateToken
FN:7,verifyToken
FNF:2
FNH:2
FNDA:11,generateToken
FNDA:26,verifyToken
DA:1,13
DA:4,11
DA:8,26
DA:11,13
LF:4
LH:4
BRF:0
BRH:0
end_of_record
TN:
SF:helpers/passwordHelper.js
FN:3,generatePassword
FN:9,verifyPassword
FNF:2
FNH:2
FNDA:68,generatePassword
FNDA:8,verifyPassword
DA:1,13
DA:4,68
DA:5,68
DA:6,68
DA:10,8
DA:13,13
LF:6
LH:6
BRF:0
BRH:0
end_of_record
TN:
SF:middleware/authStudent.js
FN:5,(anonymous_0)
FNF:1
FNH:1
FNDA:17,(anonymous_0)
DA:2,13
DA:3,13
DA:5,13
DA:6,17
DA:7,17
DA:8,17
DA:9,3
DA:14,14
DA:15,14
DA:16,14
DA:17,14
DA:19,14
DA:20,14
DA:23,0
DA:31,3
LF:15
LH:14
BRDA:8,0,0,3
BRDA:8,0,1,14
BRDA:19,1,0,14
BRDA:19,1,1,0
BRF:4
BRH:3
end_of_record
TN:
SF:middleware/authTeacher.js
FN:5,(anonymous_0)
FNF:1
FNH:1
FNDA:12,(anonymous_0)
DA:1,13
DA:2,13
DA:6,12
DA:7,12
DA:8,12
DA:9,0
DA:14,12
DA:15,12
DA:16,12
DA:17,12
DA:18,12
DA:19,12
DA:22,0
DA:29,0
DA:34,13
LF:15
LH:12
BRDA:8,0,0,0
BRDA:8,0,1,12
BRDA:18,1,0,12
BRDA:18,1,1,0
BRF:4
BRH:2
end_of_record
TN:
SF:middleware/authorizationOrder.js
FN:3,(anonymous_0)
FNF:1
FNH:1
FNDA:4,(anonymous_0)
DA:1,13
DA:3,13
DA:4,4
DA:5,4
DA:11,4
DA:12,2
DA:17,2
LF:7
LH:7
BRDA:11,0,0,2
BRDA:11,0,1,2
BRF:2
BRH:2
end_of_record
TN:
SF:middleware/errorhandler.js
FN:2,(anonymous_0)
FN:6,(anonymous_1)
FN:10,(anonymous_2)
FNF:3
FNH:3
FNDA:55,(anonymous_0)
FNDA:1,(anonymous_1)
FNDA:37,(anonymous_2)
DA:3,55
DA:4,55
DA:5,55
DA:6,1
DA:7,1
DA:9,54
DA:10,24
DA:11,37
DA:13,24
DA:14,24
DA:15,30
DA:16,4
DA:17,4
DA:19,55
DA:23,13
LF:15
LH:15
BRDA:3,0,0,55
BRDA:3,0,1,29
BRDA:4,1,0,55
BRDA:4,1,1,4
BRDA:5,2,0,1
BRDA:5,2,1,54
BRDA:9,3,0,24
BRDA:9,3,1,30
BRDA:9,4,0,54
BRDA:9,4,1,31
BRDA:15,5,0,4
BRDA:15,5,1,26
BRF:12
BRH:12
end_of_record
TN:
SF:models/index.js
FN:20,(anonymous_0)
FN:23,(anonymous_1)
FN:28,(anonymous_2)
FNF:3
FNH:3
FNDA:52,(anonymous_0)
FNDA:39,(anonymous_1)
FNDA:39,(anonymous_2)
DA:3,13
DA:4,13
DA:5,13
DA:6,13
DA:7,13
DA:8,13
DA:9,13
DA:12,13
DA:13,0
DA:15,13
DA:18,13
DA:21,52
DA:24,39
DA:25,39
DA:28,13
DA:29,39
DA:30,39
DA:34,13
DA:35,13
DA:37,13
LF:20
LH:19
BRDA:7,0,0,13
BRDA:7,0,1,0
BRDA:12,1,0,0
BRDA:12,1,1,13
BRDA:21,2,0,52
BRDA:21,2,1,52
BRDA:21,2,2,39
BRDA:29,3,0,39
BRDA:29,3,1,0
BRF:9
BRH:6
end_of_record
TN:
SF:models/order.js
FN:5,(anonymous_0)
FN:12,(anonymous_1)
FN:59,(anonymous_2)
FNF:3
FNH:3
FNDA:13,(anonymous_0)
FNDA:13,(anonymous_1)
FNDA:5,(anonymous_2)
DA:4,13
DA:5,13
DA:14,13
DA:15,13
DA:18,13
DA:60,5
DA:61,5
DA:67,13
LF:8
LH:8
BRF:0
BRH:0
end_of_record
TN:
SF:models/student.js
FN:7,(anonymous_0)
FN:14,(anonymous_1)
FN:87,(anonymous_2)
FNF:3
FNH:3
FNDA:13,(anonymous_0)
FNDA:13,(anonymous_1)
FNDA:12,(anonymous_2)
DA:3,13
DA:6,13
DA:7,13
DA:16,13
DA:19,13
DA:87,13
DA:88,12
DA:90,13
LF:8
LH:8
BRF:0
BRH:0
end_of_record
TN:
SF:models/teacher.js
FN:9,(anonymous_0)
FN:16,(anonymous_1)
FN:146,(anonymous_2)
FNF:3
FNH:3
FNDA:13,(anonymous_0)
FNDA:13,(anonymous_1)
FNDA:10,(anonymous_2)
DA:4,13
DA:6,13
DA:9,13
DA:18,13
DA:21,13
DA:147,10
DA:153,13
LF:7
LH:7
BRF:0
BRH:0
end_of_record
TN:
SF:routes/index.js
FNF:0
FNH:0
DA:1,13
DA:2,13
DA:3,13
DA:4,13
DA:6,13
DA:7,13
DA:8,13
DA:10,13
LF:8
LH:8
BRF:0
BRH:0
end_of_record
TN:
SF:routes/orders.js
FNF:0
FNH:0
DA:1,13
DA:2,13
DA:3,13
DA:4,13
DA:6,13
DA:7,13
DA:9,13
DA:10,13
DA:13,13
DA:14,13
DA:15,13
DA:17,13
LF:12
LH:12
BRF:0
BRH:0
end_of_record
TN:
SF:routes/students.js
FNF:0
FNH:0
DA:1,13
DA:2,13
DA:3,13
DA:6,13
DA:7,13
DA:8,13
DA:10,13
DA:11,13
DA:12,13
DA:17,13
LF:10
LH:10
BRF:0
BRH:0
end_of_record
TN:
SF:routes/teachers.js
FNF:0
FNH:0
DA:1,13
DA:2,13
DA:3,13
DA:5,13
DA:6,13
DA:7,13
DA:8,13
DA:10,13
DA:11,13
DA:13,13
LF:10
LH:10
BRF:0
BRH:0
end_of_record
